<?xml version="1.0" encoding="UTF-8"?>
<robot generator="Robot 6.1.1 (Python 3.11.5 on win32)" generated="20240614 11:12:40.258" rpa="false" schemaversion="4">
<suite id="s1" name="Tests" source="C:\MovCad\projects\movcad\tests">
<suite id="s1-s1" name="1.0 Online" source="C:\MovCad\projects\movcad\tests\1.0_online.robot">
<test id="s1-s1-t1" name="Site deve estar online" line="12">
<kw name="Start Session" library="base" type="SETUP">
<kw name="New Browser" library="Browser">
<arg>browser=chromium</arg>
<arg>headless=False</arg>
<tag>BrowserControl</tag>
<tag>Setter</tag>
<doc>Create a new playwright Browser with specified options.</doc>
<msg timestamp="20240614 11:12:41.110" level="INFO">{"browser": "chromium", "headless": false, "chromiumSandbox": false, "devtools": false, "handleSIGHUP": true, "handleSIGINT": true, "handleSIGTERM": true, "slowMo": 0.0, "timeout": 30000.0, "tracesDir": "C:\\MovCad\\projects\\movcad\\logs\\browser\\traces\\98fbb06c-7e00-48ab-add4-5a43aceef36c"}</msg>
<msg timestamp="20240614 11:12:41.838" level="INFO">Successfully created browser with options: {"browser":"chromium","headless":false,"chromiumSandbox":false,"devtools":false,"handleSIGHUP":true,"handleSIGINT":true,"handleSIGTERM":true,"slowMo":0,"timeout":30000,"tracesDir":"C:\\MovCad\\projects\\movcad\\logs\\browser\\traces\\98fbb06c-7e00-48ab-add4-5a43aceef36c"}</msg>
<status status="PASS" starttime="20240614 11:12:41.109" endtime="20240614 11:12:41.839"/>
</kw>
<kw name="New Page" library="Browser">
<arg>https://movcad-prot.unimedfesp.dev.br/novo/login</arg>
<tag>BrowserControl</tag>
<tag>Setter</tag>
<doc>Open a new Page.</doc>
<msg timestamp="20240614 11:12:43.756" level="INFO">Successfully initialized new page object and opened url: https://movcad-prot.unimedfesp.dev.br/novo/login</msg>
<msg timestamp="20240614 11:12:43.756" level="INFO">No context was open. New context was automatically opened when this page is created.</msg>
<status status="PASS" starttime="20240614 11:12:41.839" endtime="20240614 11:12:43.756"/>
</kw>
<status status="PASS" starttime="20240614 11:12:41.109" endtime="20240614 11:12:43.756"/>
</kw>
<kw name="Get Title" library="Browser">
<arg>equal</arg>
<arg>MovCad</arg>
<tag>Assertion</tag>
<tag>Getter</tag>
<tag>PageContent</tag>
<doc>Returns the title of the current page.</doc>
<msg timestamp="20240614 11:12:43.766" level="INFO">Title: 'MovCad'</msg>
<status status="PASS" starttime="20240614 11:12:43.757" endtime="20240614 11:12:43.766"/>
</kw>
<kw name="Take Screenshot" library="Browser" type="TEARDOWN">
<tag>PageContent</tag>
<doc>Takes a screenshot of the current window or element and saves it to disk.</doc>
<msg timestamp="20240614 11:12:43.906" level="INFO" html="true">&lt;/td&gt;&lt;/tr&gt;&lt;tr&gt;&lt;td colspan="3"&gt;&lt;a href="browser/screenshot/robotframework-browser-screenshot-1.png" target="_blank"&gt;&lt;img src="browser/screenshot/robotframework-browser-screenshot-1.png" width="800px"/&gt;&lt;/a&gt;</msg>
<status status="PASS" starttime="20240614 11:12:43.767" endtime="20240614 11:12:43.906"/>
</kw>
<tag>online</tag>
<status status="PASS" starttime="20240614 11:12:41.106" endtime="20240614 11:12:43.907"/>
</test>
<doc>MovCad Online</doc>
<status status="PASS" starttime="20240614 11:12:40.276" endtime="20240614 11:12:43.991"/>
</suite>
<suite id="s1-s2" name="2.0 Login" source="C:\MovCad\projects\movcad\tests\2.0_login.robot">
<test id="s1-s2-t1" name="Não deve conseguir realizar o login com email incorreto" line="12">
<kw name="Start Session" library="base" type="SETUP">
<kw name="New Browser" library="Browser">
<arg>browser=chromium</arg>
<arg>headless=False</arg>
<tag>BrowserControl</tag>
<tag>Setter</tag>
<doc>Create a new playwright Browser with specified options.</doc>
<msg timestamp="20240614 11:12:44.023" level="INFO">Switching browser to browser=fd747422-ebf9-471b-8294-b2d995c45eeb</msg>
<msg timestamp="20240614 11:12:44.025" level="INFO">Successfully changed active browser: browser=fd747422-ebf9-471b-8294-b2d995c45eeb</msg>
<msg timestamp="20240614 11:12:44.026" level="INFO">Reusing existing browser with id: browser=fd747422-ebf9-471b-8294-b2d995c45eeb</msg>
<status status="PASS" starttime="20240614 11:12:44.022" endtime="20240614 11:12:44.026"/>
</kw>
<kw name="New Page" library="Browser">
<arg>https://movcad-prot.unimedfesp.dev.br/novo/login</arg>
<tag>BrowserControl</tag>
<tag>Setter</tag>
<doc>Open a new Page.</doc>
<msg timestamp="20240614 11:12:45.667" level="INFO">Successfully initialized new page object and opened url: https://movcad-prot.unimedfesp.dev.br/novo/login</msg>
<msg timestamp="20240614 11:12:45.667" level="INFO">No context was open. New context was automatically opened when this page is created.</msg>
<status status="PASS" starttime="20240614 11:12:44.026" endtime="20240614 11:12:45.668"/>
</kw>
<status status="PASS" starttime="20240614 11:12:44.022" endtime="20240614 11:12:45.668"/>
</kw>
<kw name="Email incorreto" library="LoginPage">
<kw name="Fill Text" library="Browser">
<arg>css=input[name="usuario"]</arg>
<arg>${email_nok}</arg>
<tag>PageContent</tag>
<tag>Setter</tag>
<doc>Clears and fills the given ``txt`` into the text field found by ``selector``.</doc>
<msg timestamp="20240614 11:12:45.669" level="INFO">Fills the text 'emailnok@gmail.com.br' in the given field.</msg>
<status status="PASS" starttime="20240614 11:12:45.669" endtime="20240614 11:12:45.732"/>
</kw>
<kw name="Fill Text" library="Browser">
<arg>css=input[name="senha"]</arg>
<arg>${senha}</arg>
<tag>PageContent</tag>
<tag>Setter</tag>
<doc>Clears and fills the given ``txt`` into the text field found by ``selector``.</doc>
<msg timestamp="20240614 11:12:45.732" level="INFO">Fills the text 'Palmeiras@2026' in the given field.</msg>
<status status="PASS" starttime="20240614 11:12:45.732" endtime="20240614 11:12:45.758"/>
</kw>
<kw name="Click" library="Browser">
<arg>css=button[type="submit"] &gt;&gt; text=conectar</arg>
<tag>PageContent</tag>
<tag>Setter</tag>
<doc>Simulates mouse click on the element found by ``selector``.</doc>
<status status="PASS" starttime="20240614 11:12:45.759" endtime="20240614 11:12:45.830"/>
</kw>
<kw name="Wait For Elements State" library="Browser">
<arg>xpath=//p[text()="Usuário ou senha incorretos. Tente novamente."]</arg>
<arg>visible</arg>
<arg>10</arg>
<tag>PageContent</tag>
<tag>Wait</tag>
<doc>Waits for the element found by ``selector`` to satisfy state option.</doc>
<msg timestamp="20240614 11:12:46.159" level="INFO">Waited for Element with selector xpath=//p[text()="Usuário ou senha incorretos. Tente novamente."] at state visible</msg>
<status status="PASS" starttime="20240614 11:12:45.831" endtime="20240614 11:12:46.160"/>
</kw>
<kw name="Get Text" library="Browser">
<arg>xpath=//p[text()="Usuário ou senha incorretos. Tente novamente."]</arg>
<arg>equal</arg>
<arg>Usuário ou senha incorretos. Tente novamente.</arg>
<tag>Assertion</tag>
<tag>Getter</tag>
<tag>PageContent</tag>
<doc>Returns text attribute of the element found by ``selector``.</doc>
<msg timestamp="20240614 11:12:46.181" level="INFO">Text: 'Usuário ou senha incorretos. Tente novamente.'</msg>
<status status="PASS" starttime="20240614 11:12:46.160" endtime="20240614 11:12:46.181"/>
</kw>
<status status="PASS" starttime="20240614 11:12:45.668" endtime="20240614 11:12:46.181"/>
</kw>
<kw name="Take Screenshot" library="Browser" type="TEARDOWN">
<tag>PageContent</tag>
<doc>Takes a screenshot of the current window or element and saves it to disk.</doc>
<msg timestamp="20240614 11:12:46.317" level="INFO" html="true">&lt;/td&gt;&lt;/tr&gt;&lt;tr&gt;&lt;td colspan="3"&gt;&lt;a href="browser/screenshot/robotframework-browser-screenshot-2.png" target="_blank"&gt;&lt;img src="browser/screenshot/robotframework-browser-screenshot-2.png" width="800px"/&gt;&lt;/a&gt;</msg>
<status status="PASS" starttime="20240614 11:12:46.182" endtime="20240614 11:12:46.317"/>
</kw>
<tag>email_nok</tag>
<status status="PASS" starttime="20240614 11:12:44.018" endtime="20240614 11:12:46.318"/>
</test>
<test id="s1-s2-t2" name="Não deve conseguir realizar o login com senha incorreta" line="18">
<kw name="Start Session" library="base" type="SETUP">
<kw name="New Browser" library="Browser">
<arg>browser=chromium</arg>
<arg>headless=False</arg>
<tag>BrowserControl</tag>
<tag>Setter</tag>
<doc>Create a new playwright Browser with specified options.</doc>
<msg timestamp="20240614 11:12:46.402" level="INFO">Switching browser to browser=fd747422-ebf9-471b-8294-b2d995c45eeb</msg>
<msg timestamp="20240614 11:12:46.405" level="INFO">Successfully changed active browser: browser=fd747422-ebf9-471b-8294-b2d995c45eeb</msg>
<msg timestamp="20240614 11:12:46.405" level="INFO">Reusing existing browser with id: browser=fd747422-ebf9-471b-8294-b2d995c45eeb</msg>
<status status="PASS" starttime="20240614 11:12:46.401" endtime="20240614 11:12:46.405"/>
</kw>
<kw name="New Page" library="Browser">
<arg>https://movcad-prot.unimedfesp.dev.br/novo/login</arg>
<tag>BrowserControl</tag>
<tag>Setter</tag>
<doc>Open a new Page.</doc>
<msg timestamp="20240614 11:12:47.765" level="INFO">Successfully initialized new page object and opened url: https://movcad-prot.unimedfesp.dev.br/novo/login</msg>
<msg timestamp="20240614 11:12:47.765" level="INFO">No context was open. New context was automatically opened when this page is created.</msg>
<status status="PASS" starttime="20240614 11:12:46.405" endtime="20240614 11:12:47.765"/>
</kw>
<status status="PASS" starttime="20240614 11:12:46.401" endtime="20240614 11:12:47.766"/>
</kw>
<kw name="Senha incorreta" library="LoginPage">
<kw name="Fill Text" library="Browser">
<arg>css=input[name="usuario"]</arg>
<arg>${email}</arg>
<tag>PageContent</tag>
<tag>Setter</tag>
<doc>Clears and fills the given ``txt`` into the text field found by ``selector``.</doc>
<msg timestamp="20240614 11:12:47.766" level="INFO">Fills the text 'douglas.gragnano@gmail.com' in the given field.</msg>
<status status="PASS" starttime="20240614 11:12:47.766" endtime="20240614 11:12:47.808"/>
</kw>
<kw name="Fill Text" library="Browser">
<arg>css=input[name="senha"]</arg>
<arg>${senha_nok}</arg>
<tag>PageContent</tag>
<tag>Setter</tag>
<doc>Clears and fills the given ``txt`` into the text field found by ``selector``.</doc>
<msg timestamp="20240614 11:12:47.809" level="INFO">Fills the text 'senhanok' in the given field.</msg>
<status status="PASS" starttime="20240614 11:12:47.809" endtime="20240614 11:12:47.830"/>
</kw>
<kw name="Click" library="Browser">
<arg>css=button[type="submit"] &gt;&gt; text=conectar</arg>
<tag>PageContent</tag>
<tag>Setter</tag>
<doc>Simulates mouse click on the element found by ``selector``.</doc>
<status status="PASS" starttime="20240614 11:12:47.830" endtime="20240614 11:12:47.912"/>
</kw>
<kw name="Wait For Elements State" library="Browser">
<arg>xpath=//p[text()="Usuário ou senha incorretos. Tente novamente."]</arg>
<arg>visible</arg>
<arg>10</arg>
<tag>PageContent</tag>
<tag>Wait</tag>
<doc>Waits for the element found by ``selector`` to satisfy state option.</doc>
<msg timestamp="20240614 11:12:48.752" level="INFO">Waited for Element with selector xpath=//p[text()="Usuário ou senha incorretos. Tente novamente."] at state visible</msg>
<status status="PASS" starttime="20240614 11:12:47.913" endtime="20240614 11:12:48.753"/>
</kw>
<kw name="Get Text" library="Browser">
<arg>xpath=//p[text()="Usuário ou senha incorretos. Tente novamente."]</arg>
<arg>equal</arg>
<arg>Usuário ou senha incorretos. Tente novamente.</arg>
<tag>Assertion</tag>
<tag>Getter</tag>
<tag>PageContent</tag>
<doc>Returns text attribute of the element found by ``selector``.</doc>
<msg timestamp="20240614 11:12:48.779" level="INFO">Text: 'Usuário ou senha incorretos. Tente novamente.'</msg>
<status status="PASS" starttime="20240614 11:12:48.753" endtime="20240614 11:12:48.779"/>
</kw>
<status status="PASS" starttime="20240614 11:12:47.766" endtime="20240614 11:12:48.779"/>
</kw>
<kw name="Take Screenshot" library="Browser" type="TEARDOWN">
<tag>PageContent</tag>
<doc>Takes a screenshot of the current window or element and saves it to disk.</doc>
<msg timestamp="20240614 11:12:48.919" level="INFO" html="true">&lt;/td&gt;&lt;/tr&gt;&lt;tr&gt;&lt;td colspan="3"&gt;&lt;a href="browser/screenshot/robotframework-browser-screenshot-3.png" target="_blank"&gt;&lt;img src="browser/screenshot/robotframework-browser-screenshot-3.png" width="800px"/&gt;&lt;/a&gt;</msg>
<status status="PASS" starttime="20240614 11:12:48.780" endtime="20240614 11:12:48.919"/>
</kw>
<tag>senha_nok</tag>
<status status="PASS" starttime="20240614 11:12:46.398" endtime="20240614 11:12:48.920"/>
</test>
<test id="s1-s2-t3" name="Não deve conseguir realizar o login sem preencher email e senha" line="24">
<kw name="Start Session" library="base" type="SETUP">
<kw name="New Browser" library="Browser">
<arg>browser=chromium</arg>
<arg>headless=False</arg>
<tag>BrowserControl</tag>
<tag>Setter</tag>
<doc>Create a new playwright Browser with specified options.</doc>
<msg timestamp="20240614 11:12:48.972" level="INFO">Switching browser to browser=fd747422-ebf9-471b-8294-b2d995c45eeb</msg>
<msg timestamp="20240614 11:12:48.975" level="INFO">Successfully changed active browser: browser=fd747422-ebf9-471b-8294-b2d995c45eeb</msg>
<msg timestamp="20240614 11:12:48.975" level="INFO">Reusing existing browser with id: browser=fd747422-ebf9-471b-8294-b2d995c45eeb</msg>
<status status="PASS" starttime="20240614 11:12:48.972" endtime="20240614 11:12:48.976"/>
</kw>
<kw name="New Page" library="Browser">
<arg>https://movcad-prot.unimedfesp.dev.br/novo/login</arg>
<tag>BrowserControl</tag>
<tag>Setter</tag>
<doc>Open a new Page.</doc>
<msg timestamp="20240614 11:12:50.327" level="INFO">Successfully initialized new page object and opened url: https://movcad-prot.unimedfesp.dev.br/novo/login</msg>
<msg timestamp="20240614 11:12:50.327" level="INFO">No context was open. New context was automatically opened when this page is created.</msg>
<status status="PASS" starttime="20240614 11:12:48.977" endtime="20240614 11:12:50.327"/>
</kw>
<status status="PASS" starttime="20240614 11:12:48.971" endtime="20240614 11:12:50.327"/>
</kw>
<kw name="Email e senha não preenchidos" library="LoginPage">
<kw name="Get Title" library="Browser">
<arg>equal</arg>
<arg>MovCad</arg>
<tag>Assertion</tag>
<tag>Getter</tag>
<tag>PageContent</tag>
<doc>Returns the title of the current page.</doc>
<msg timestamp="20240614 11:12:50.335" level="INFO">Title: 'MovCad'</msg>
<status status="PASS" starttime="20240614 11:12:50.328" endtime="20240614 11:12:50.335"/>
</kw>
<kw name="Click" library="Browser">
<arg>css=button[type="submit"] &gt;&gt; text=conectar</arg>
<tag>PageContent</tag>
<tag>Setter</tag>
<doc>Simulates mouse click on the element found by ``selector``.</doc>
<status status="PASS" starttime="20240614 11:12:50.335" endtime="20240614 11:12:50.416"/>
</kw>
<kw name="Get Text" library="Browser">
<arg>xpath=//p[text()="O e-mail é obrigatório"]</arg>
<arg>equal</arg>
<arg>O e-mail é obrigatório</arg>
<tag>Assertion</tag>
<tag>Getter</tag>
<tag>PageContent</tag>
<doc>Returns text attribute of the element found by ``selector``.</doc>
<msg timestamp="20240614 11:12:50.438" level="INFO">Text: 'O e-mail é obrigatório'</msg>
<status status="PASS" starttime="20240614 11:12:50.416" endtime="20240614 11:12:50.438"/>
</kw>
<kw name="Get Text" library="Browser">
<arg>xpath=//p[text()="A senha é obrigatória"]</arg>
<arg>equal</arg>
<arg>A senha é obrigatória</arg>
<tag>Assertion</tag>
<tag>Getter</tag>
<tag>PageContent</tag>
<doc>Returns text attribute of the element found by ``selector``.</doc>
<msg timestamp="20240614 11:12:50.449" level="INFO">Text: 'A senha é obrigatória'</msg>
<status status="PASS" starttime="20240614 11:12:50.438" endtime="20240614 11:12:50.449"/>
</kw>
<status status="PASS" starttime="20240614 11:12:50.328" endtime="20240614 11:12:50.449"/>
</kw>
<kw name="Take Screenshot" library="Browser" type="TEARDOWN">
<tag>PageContent</tag>
<doc>Takes a screenshot of the current window or element and saves it to disk.</doc>
<msg timestamp="20240614 11:12:50.581" level="INFO" html="true">&lt;/td&gt;&lt;/tr&gt;&lt;tr&gt;&lt;td colspan="3"&gt;&lt;a href="browser/screenshot/robotframework-browser-screenshot-4.png" target="_blank"&gt;&lt;img src="browser/screenshot/robotframework-browser-screenshot-4.png" width="800px"/&gt;&lt;/a&gt;</msg>
<status status="PASS" starttime="20240614 11:12:50.450" endtime="20240614 11:12:50.581"/>
</kw>
<tag>email_senha_vazio</tag>
<status status="PASS" starttime="20240614 11:12:48.968" endtime="20240614 11:12:50.581"/>
</test>
<test id="s1-s2-t4" name="Deve conseguir realizar o login" line="30">
<kw name="Start Session" library="base" type="SETUP">
<kw name="New Browser" library="Browser">
<arg>browser=chromium</arg>
<arg>headless=False</arg>
<tag>BrowserControl</tag>
<tag>Setter</tag>
<doc>Create a new playwright Browser with specified options.</doc>
<msg timestamp="20240614 11:12:50.643" level="INFO">Switching browser to browser=fd747422-ebf9-471b-8294-b2d995c45eeb</msg>
<msg timestamp="20240614 11:12:50.644" level="INFO">Successfully changed active browser: browser=fd747422-ebf9-471b-8294-b2d995c45eeb</msg>
<msg timestamp="20240614 11:12:50.644" level="INFO">Reusing existing browser with id: browser=fd747422-ebf9-471b-8294-b2d995c45eeb</msg>
<status status="PASS" starttime="20240614 11:12:50.643" endtime="20240614 11:12:50.644"/>
</kw>
<kw name="New Page" library="Browser">
<arg>https://movcad-prot.unimedfesp.dev.br/novo/login</arg>
<tag>BrowserControl</tag>
<tag>Setter</tag>
<doc>Open a new Page.</doc>
<msg timestamp="20240614 11:12:52.443" level="INFO">Successfully initialized new page object and opened url: https://movcad-prot.unimedfesp.dev.br/novo/login</msg>
<msg timestamp="20240614 11:12:52.443" level="INFO">No context was open. New context was automatically opened when this page is created.</msg>
<status status="PASS" starttime="20240614 11:12:50.645" endtime="20240614 11:12:52.443"/>
</kw>
<status status="PASS" starttime="20240614 11:12:50.643" endtime="20240614 11:12:52.444"/>
</kw>
<kw name="Login com sucesso" library="LoginPage">
<kw name="Fill Text" library="Browser">
<arg>css=input[name="usuario"]</arg>
<arg>${email}</arg>
<tag>PageContent</tag>
<tag>Setter</tag>
<doc>Clears and fills the given ``txt`` into the text field found by ``selector``.</doc>
<msg timestamp="20240614 11:12:52.444" level="INFO">Fills the text 'douglas.gragnano@gmail.com' in the given field.</msg>
<status status="PASS" starttime="20240614 11:12:52.444" endtime="20240614 11:12:52.498"/>
</kw>
<kw name="Fill Text" library="Browser">
<arg>css=input[name="senha"]</arg>
<arg>${senha}</arg>
<tag>PageContent</tag>
<tag>Setter</tag>
<doc>Clears and fills the given ``txt`` into the text field found by ``selector``.</doc>
<msg timestamp="20240614 11:12:52.498" level="INFO">Fills the text 'Palmeiras@2026' in the given field.</msg>
<status status="PASS" starttime="20240614 11:12:52.498" endtime="20240614 11:12:52.521"/>
</kw>
<kw name="Click" library="Browser">
<arg>css=button[type="submit"] &gt;&gt; text=conectar</arg>
<tag>PageContent</tag>
<tag>Setter</tag>
<doc>Simulates mouse click on the element found by ``selector``.</doc>
<status status="PASS" starttime="20240614 11:12:52.522" endtime="20240614 11:12:52.587"/>
</kw>
<kw name="Set Browser Timeout" library="Browser">
<arg>20</arg>
<tag>Config</tag>
<tag>Setter</tag>
<doc>Sets the timeout used by most input and getter keywords.</doc>
<msg timestamp="20240614 11:12:52.590" level="INFO">Set timeout to: 20000</msg>
<status status="PASS" starttime="20240614 11:12:52.587" endtime="20240614 11:12:52.590"/>
</kw>
<kw name="Wait For Elements State" library="Browser">
<arg>xpath=//h1[text()="listas de movimentações"]</arg>
<arg>visible</arg>
<arg>10</arg>
<tag>PageContent</tag>
<tag>Wait</tag>
<doc>Waits for the element found by ``selector`` to satisfy state option.</doc>
<msg timestamp="20240614 11:12:53.982" level="INFO">Waited for Element with selector xpath=//h1[text()="listas de movimentações"] at state visible</msg>
<status status="PASS" starttime="20240614 11:12:52.590" endtime="20240614 11:12:53.982"/>
</kw>
<kw name="Get Text" library="Browser">
<arg>xpath=//h1[text()="listas de movimentações"]</arg>
<arg>equal</arg>
<arg>listas de movimentações</arg>
<tag>Assertion</tag>
<tag>Getter</tag>
<tag>PageContent</tag>
<doc>Returns text attribute of the element found by ``selector``.</doc>
<msg timestamp="20240614 11:12:54.006" level="INFO">Text: 'listas de movimentações'</msg>
<status status="PASS" starttime="20240614 11:12:53.982" endtime="20240614 11:12:54.006"/>
</kw>
<status status="PASS" starttime="20240614 11:12:52.444" endtime="20240614 11:12:54.006"/>
</kw>
<kw name="Take Screenshot" library="Browser" type="TEARDOWN">
<tag>PageContent</tag>
<doc>Takes a screenshot of the current window or element and saves it to disk.</doc>
<msg timestamp="20240614 11:12:54.154" level="INFO" html="true">&lt;/td&gt;&lt;/tr&gt;&lt;tr&gt;&lt;td colspan="3"&gt;&lt;a href="browser/screenshot/robotframework-browser-screenshot-5.png" target="_blank"&gt;&lt;img src="browser/screenshot/robotframework-browser-screenshot-5.png" width="800px"/&gt;&lt;/a&gt;</msg>
<status status="PASS" starttime="20240614 11:12:54.007" endtime="20240614 11:12:54.154"/>
</kw>
<tag>login_ok</tag>
<status status="PASS" starttime="20240614 11:12:50.640" endtime="20240614 11:12:54.155"/>
</test>
<test id="s1-s2-t5" name="Email informado é inválido" line="35">
<kw name="Start Session" library="base" type="SETUP">
<kw name="New Browser" library="Browser">
<arg>browser=chromium</arg>
<arg>headless=False</arg>
<tag>BrowserControl</tag>
<tag>Setter</tag>
<doc>Create a new playwright Browser with specified options.</doc>
<msg timestamp="20240614 11:12:54.222" level="INFO">Switching browser to browser=fd747422-ebf9-471b-8294-b2d995c45eeb</msg>
<msg timestamp="20240614 11:12:54.222" level="INFO">Successfully changed active browser: browser=fd747422-ebf9-471b-8294-b2d995c45eeb</msg>
<msg timestamp="20240614 11:12:54.222" level="INFO">Reusing existing browser with id: browser=fd747422-ebf9-471b-8294-b2d995c45eeb</msg>
<status status="PASS" starttime="20240614 11:12:54.220" endtime="20240614 11:12:54.223"/>
</kw>
<kw name="New Page" library="Browser">
<arg>https://movcad-prot.unimedfesp.dev.br/novo/login</arg>
<tag>BrowserControl</tag>
<tag>Setter</tag>
<doc>Open a new Page.</doc>
<msg timestamp="20240614 11:12:55.574" level="INFO">Successfully initialized new page object and opened url: https://movcad-prot.unimedfesp.dev.br/novo/login</msg>
<msg timestamp="20240614 11:12:55.574" level="INFO">No context was open. New context was automatically opened when this page is created.</msg>
<status status="PASS" starttime="20240614 11:12:54.223" endtime="20240614 11:12:55.574"/>
</kw>
<status status="PASS" starttime="20240614 11:12:54.220" endtime="20240614 11:12:55.574"/>
</kw>
<kw name="Email inválido" library="LoginPage">
<kw name="Fill Text" library="Browser">
<arg>css=input[name="usuario"]</arg>
<arg>${inv_email}</arg>
<tag>PageContent</tag>
<tag>Setter</tag>
<doc>Clears and fills the given ``txt`` into the text field found by ``selector``.</doc>
<msg timestamp="20240614 11:12:55.575" level="INFO">Fills the text 'teste.com' in the given field.</msg>
<status status="PASS" starttime="20240614 11:12:55.575" endtime="20240614 11:12:55.620"/>
</kw>
<kw name="Fill Text" library="Browser">
<arg>css=input[name="senha"]</arg>
<arg>${senha}</arg>
<tag>PageContent</tag>
<tag>Setter</tag>
<doc>Clears and fills the given ``txt`` into the text field found by ``selector``.</doc>
<msg timestamp="20240614 11:12:55.622" level="INFO">Fills the text 'Palmeiras@2026' in the given field.</msg>
<status status="PASS" starttime="20240614 11:12:55.621" endtime="20240614 11:12:55.649"/>
</kw>
<kw name="Click" library="Browser">
<arg>css=button[type="submit"] &gt;&gt; text=conectar</arg>
<tag>PageContent</tag>
<tag>Setter</tag>
<doc>Simulates mouse click on the element found by ``selector``.</doc>
<status status="PASS" starttime="20240614 11:12:55.650" endtime="20240614 11:12:55.708"/>
</kw>
<kw name="Wait For Elements State" library="Browser">
<arg>xpath=//p[text()="E-mail inválido"]</arg>
<arg>visible</arg>
<arg>5</arg>
<tag>PageContent</tag>
<tag>Wait</tag>
<doc>Waits for the element found by ``selector`` to satisfy state option.</doc>
<msg timestamp="20240614 11:12:55.713" level="INFO">Waited for Element with selector xpath=//p[text()="E-mail inválido"] at state visible</msg>
<status status="PASS" starttime="20240614 11:12:55.708" endtime="20240614 11:12:55.713"/>
</kw>
<status status="PASS" starttime="20240614 11:12:55.575" endtime="20240614 11:12:55.713"/>
</kw>
<kw name="Take Screenshot" library="Browser" type="TEARDOWN">
<tag>PageContent</tag>
<doc>Takes a screenshot of the current window or element and saves it to disk.</doc>
<msg timestamp="20240614 11:12:55.837" level="INFO" html="true">&lt;/td&gt;&lt;/tr&gt;&lt;tr&gt;&lt;td colspan="3"&gt;&lt;a href="browser/screenshot/robotframework-browser-screenshot-6.png" target="_blank"&gt;&lt;img src="browser/screenshot/robotframework-browser-screenshot-6.png" width="800px"/&gt;&lt;/a&gt;</msg>
<status status="PASS" starttime="20240614 11:12:55.713" endtime="20240614 11:12:55.837"/>
</kw>
<tag>inv_email</tag>
<status status="PASS" starttime="20240614 11:12:54.217" endtime="20240614 11:12:55.838"/>
</test>
<doc>Cenários de teste de login no MovCad</doc>
<status status="PASS" starttime="20240614 11:12:44.001" endtime="20240614 11:12:55.903"/>
</suite>
<suite id="s1-s3" name="3.0 Listas" source="C:\MovCad\projects\movcad\tests\3.0_listas.robot">
<test id="s1-s3-t1" name="Deve filtrar todas as listas" line="12">
<kw name="Start Session" library="base" type="SETUP">
<kw name="New Browser" library="Browser">
<arg>browser=chromium</arg>
<arg>headless=False</arg>
<tag>BrowserControl</tag>
<tag>Setter</tag>
<doc>Create a new playwright Browser with specified options.</doc>
<msg timestamp="20240614 11:12:55.927" level="INFO">Switching browser to browser=fd747422-ebf9-471b-8294-b2d995c45eeb</msg>
<msg timestamp="20240614 11:12:55.928" level="INFO">Successfully changed active browser: browser=fd747422-ebf9-471b-8294-b2d995c45eeb</msg>
<msg timestamp="20240614 11:12:55.928" level="INFO">Reusing existing browser with id: browser=fd747422-ebf9-471b-8294-b2d995c45eeb</msg>
<status status="PASS" starttime="20240614 11:12:55.927" endtime="20240614 11:12:55.928"/>
</kw>
<kw name="New Page" library="Browser">
<arg>https://movcad-prot.unimedfesp.dev.br/novo/login</arg>
<tag>BrowserControl</tag>
<tag>Setter</tag>
<doc>Open a new Page.</doc>
<msg timestamp="20240614 11:12:57.284" level="INFO">Successfully initialized new page object and opened url: https://movcad-prot.unimedfesp.dev.br/novo/login</msg>
<msg timestamp="20240614 11:12:57.284" level="INFO">No context was open. New context was automatically opened when this page is created.</msg>
<status status="PASS" starttime="20240614 11:12:55.928" endtime="20240614 11:12:57.284"/>
</kw>
<status status="PASS" starttime="20240614 11:12:55.926" endtime="20240614 11:12:57.285"/>
</kw>
<kw name="Login com sucesso" library="LoginPage">
<kw name="Fill Text" library="Browser">
<arg>css=input[name="usuario"]</arg>
<arg>${email}</arg>
<tag>PageContent</tag>
<tag>Setter</tag>
<doc>Clears and fills the given ``txt`` into the text field found by ``selector``.</doc>
<msg timestamp="20240614 11:12:57.286" level="INFO">Fills the text 'douglas.gragnano@gmail.com' in the given field.</msg>
<status status="PASS" starttime="20240614 11:12:57.286" endtime="20240614 11:12:57.334"/>
</kw>
<kw name="Fill Text" library="Browser">
<arg>css=input[name="senha"]</arg>
<arg>${senha}</arg>
<tag>PageContent</tag>
<tag>Setter</tag>
<doc>Clears and fills the given ``txt`` into the text field found by ``selector``.</doc>
<msg timestamp="20240614 11:12:57.335" level="INFO">Fills the text 'Palmeiras@2026' in the given field.</msg>
<status status="PASS" starttime="20240614 11:12:57.334" endtime="20240614 11:12:57.360"/>
</kw>
<kw name="Click" library="Browser">
<arg>css=button[type="submit"] &gt;&gt; text=conectar</arg>
<tag>PageContent</tag>
<tag>Setter</tag>
<doc>Simulates mouse click on the element found by ``selector``.</doc>
<status status="PASS" starttime="20240614 11:12:57.360" endtime="20240614 11:12:57.443"/>
</kw>
<kw name="Set Browser Timeout" library="Browser">
<arg>20</arg>
<tag>Config</tag>
<tag>Setter</tag>
<doc>Sets the timeout used by most input and getter keywords.</doc>
<msg timestamp="20240614 11:12:57.446" level="INFO">Set timeout to: 20000</msg>
<status status="PASS" starttime="20240614 11:12:57.443" endtime="20240614 11:12:57.446"/>
</kw>
<kw name="Wait For Elements State" library="Browser">
<arg>xpath=//h1[text()="listas de movimentações"]</arg>
<arg>visible</arg>
<arg>10</arg>
<tag>PageContent</tag>
<tag>Wait</tag>
<doc>Waits for the element found by ``selector`` to satisfy state option.</doc>
<msg timestamp="20240614 11:12:58.786" level="INFO">Waited for Element with selector xpath=//h1[text()="listas de movimentações"] at state visible</msg>
<status status="PASS" starttime="20240614 11:12:57.446" endtime="20240614 11:12:58.787"/>
</kw>
<kw name="Get Text" library="Browser">
<arg>xpath=//h1[text()="listas de movimentações"]</arg>
<arg>equal</arg>
<arg>listas de movimentações</arg>
<tag>Assertion</tag>
<tag>Getter</tag>
<tag>PageContent</tag>
<doc>Returns text attribute of the element found by ``selector``.</doc>
<msg timestamp="20240614 11:12:58.807" level="INFO">Text: 'listas de movimentações'</msg>
<status status="PASS" starttime="20240614 11:12:58.787" endtime="20240614 11:12:58.807"/>
</kw>
<status status="PASS" starttime="20240614 11:12:57.285" endtime="20240614 11:12:58.808"/>
</kw>
<kw name="Filtrar todas listas" library="ListasPage">
<kw name="Click" library="Browser">
<arg>xpath=//*[@id="show-modal-provider"]/div[1]/div/div[2]/label[1]/div/p</arg>
<tag>PageContent</tag>
<tag>Setter</tag>
<doc>Simulates mouse click on the element found by ``selector``.</doc>
<status status="PASS" starttime="20240614 11:12:58.808" endtime="20240614 11:12:59.140"/>
</kw>
<kw name="Wait For Elements State" library="Browser">
<arg>xpath=//div[text()="Total de"]</arg>
<arg>visible</arg>
<arg>5</arg>
<tag>PageContent</tag>
<tag>Wait</tag>
<doc>Waits for the element found by ``selector`` to satisfy state option.</doc>
<msg timestamp="20240614 11:13:00.997" level="INFO">Waited for Element with selector xpath=//div[text()="Total de"] at state visible</msg>
<status status="PASS" starttime="20240614 11:12:59.140" endtime="20240614 11:13:00.997"/>
</kw>
<kw name="Get Text" library="Browser">
<arg>xpath=//div[text()="Total de"]</arg>
<arg>contains</arg>
<arg>Total de</arg>
<tag>Assertion</tag>
<tag>Getter</tag>
<tag>PageContent</tag>
<doc>Returns text attribute of the element found by ``selector``.</doc>
<msg timestamp="20240614 11:13:01.014" level="INFO">Text: 'Total de 917 registros encontrados'</msg>
<status status="PASS" starttime="20240614 11:13:00.998" endtime="20240614 11:13:01.014"/>
</kw>
<status status="PASS" starttime="20240614 11:12:58.808" endtime="20240614 11:13:01.014"/>
</kw>
<kw name="Take Screenshot" library="Browser" type="TEARDOWN">
<tag>PageContent</tag>
<doc>Takes a screenshot of the current window or element and saves it to disk.</doc>
<msg timestamp="20240614 11:13:01.153" level="INFO" html="true">&lt;/td&gt;&lt;/tr&gt;&lt;tr&gt;&lt;td colspan="3"&gt;&lt;a href="browser/screenshot/robotframework-browser-screenshot-7.png" target="_blank"&gt;&lt;img src="browser/screenshot/robotframework-browser-screenshot-7.png" width="800px"/&gt;&lt;/a&gt;</msg>
<status status="PASS" starttime="20240614 11:13:01.015" endtime="20240614 11:13:01.153"/>
</kw>
<tag>todas_listas</tag>
<status status="PASS" starttime="20240614 11:12:55.923" endtime="20240614 11:13:01.154"/>
</test>
<test id="s1-s3-t2" name="Deve solicitar relatório detalhado de listas" line="20">
<kw name="Start Session" library="base" type="SETUP">
<kw name="New Browser" library="Browser">
<arg>browser=chromium</arg>
<arg>headless=False</arg>
<tag>BrowserControl</tag>
<tag>Setter</tag>
<doc>Create a new playwright Browser with specified options.</doc>
<msg timestamp="20240614 11:13:01.239" level="INFO">Switching browser to browser=fd747422-ebf9-471b-8294-b2d995c45eeb</msg>
<msg timestamp="20240614 11:13:01.241" level="INFO">Successfully changed active browser: browser=fd747422-ebf9-471b-8294-b2d995c45eeb</msg>
<msg timestamp="20240614 11:13:01.241" level="INFO">Reusing existing browser with id: browser=fd747422-ebf9-471b-8294-b2d995c45eeb</msg>
<status status="PASS" starttime="20240614 11:13:01.238" endtime="20240614 11:13:01.241"/>
</kw>
<kw name="New Page" library="Browser">
<arg>https://movcad-prot.unimedfesp.dev.br/novo/login</arg>
<tag>BrowserControl</tag>
<tag>Setter</tag>
<doc>Open a new Page.</doc>
<msg timestamp="20240614 11:13:02.604" level="INFO">Successfully initialized new page object and opened url: https://movcad-prot.unimedfesp.dev.br/novo/login</msg>
<msg timestamp="20240614 11:13:02.604" level="INFO">No context was open. New context was automatically opened when this page is created.</msg>
<status status="PASS" starttime="20240614 11:13:01.241" endtime="20240614 11:13:02.604"/>
</kw>
<status status="PASS" starttime="20240614 11:13:01.235" endtime="20240614 11:13:02.604"/>
</kw>
<kw name="Login com sucesso" library="LoginPage">
<kw name="Fill Text" library="Browser">
<arg>css=input[name="usuario"]</arg>
<arg>${email}</arg>
<tag>PageContent</tag>
<tag>Setter</tag>
<doc>Clears and fills the given ``txt`` into the text field found by ``selector``.</doc>
<msg timestamp="20240614 11:13:02.605" level="INFO">Fills the text 'douglas.gragnano@gmail.com' in the given field.</msg>
<status status="PASS" starttime="20240614 11:13:02.605" endtime="20240614 11:13:02.651"/>
</kw>
<kw name="Fill Text" library="Browser">
<arg>css=input[name="senha"]</arg>
<arg>${senha}</arg>
<tag>PageContent</tag>
<tag>Setter</tag>
<doc>Clears and fills the given ``txt`` into the text field found by ``selector``.</doc>
<msg timestamp="20240614 11:13:02.652" level="INFO">Fills the text 'Palmeiras@2026' in the given field.</msg>
<status status="PASS" starttime="20240614 11:13:02.651" endtime="20240614 11:13:02.674"/>
</kw>
<kw name="Click" library="Browser">
<arg>css=button[type="submit"] &gt;&gt; text=conectar</arg>
<tag>PageContent</tag>
<tag>Setter</tag>
<doc>Simulates mouse click on the element found by ``selector``.</doc>
<status status="PASS" starttime="20240614 11:13:02.674" endtime="20240614 11:13:02.739"/>
</kw>
<kw name="Set Browser Timeout" library="Browser">
<arg>20</arg>
<tag>Config</tag>
<tag>Setter</tag>
<doc>Sets the timeout used by most input and getter keywords.</doc>
<status status="PASS" starttime="20240614 11:13:02.739" endtime="20240614 11:13:02.739"/>
</kw>
<kw name="Wait For Elements State" library="Browser">
<arg>xpath=//h1[text()="listas de movimentações"]</arg>
<arg>visible</arg>
<arg>10</arg>
<tag>PageContent</tag>
<tag>Wait</tag>
<doc>Waits for the element found by ``selector`` to satisfy state option.</doc>
<msg timestamp="20240614 11:13:04.076" level="INFO">Waited for Element with selector xpath=//h1[text()="listas de movimentações"] at state visible</msg>
<status status="PASS" starttime="20240614 11:13:02.739" endtime="20240614 11:13:04.077"/>
</kw>
<kw name="Get Text" library="Browser">
<arg>xpath=//h1[text()="listas de movimentações"]</arg>
<arg>equal</arg>
<arg>listas de movimentações</arg>
<tag>Assertion</tag>
<tag>Getter</tag>
<tag>PageContent</tag>
<doc>Returns text attribute of the element found by ``selector``.</doc>
<msg timestamp="20240614 11:13:04.109" level="INFO">Text: 'listas de movimentações'</msg>
<status status="PASS" starttime="20240614 11:13:04.077" endtime="20240614 11:13:04.109"/>
</kw>
<status status="PASS" starttime="20240614 11:13:02.605" endtime="20240614 11:13:04.109"/>
</kw>
<kw name="Filtrar todas listas" library="ListasPage">
<kw name="Click" library="Browser">
<arg>xpath=//*[@id="show-modal-provider"]/div[1]/div/div[2]/label[1]/div/p</arg>
<tag>PageContent</tag>
<tag>Setter</tag>
<doc>Simulates mouse click on the element found by ``selector``.</doc>
<status status="PASS" starttime="20240614 11:13:04.110" endtime="20240614 11:13:04.209"/>
</kw>
<kw name="Wait For Elements State" library="Browser">
<arg>xpath=//div[text()="Total de"]</arg>
<arg>visible</arg>
<arg>5</arg>
<tag>PageContent</tag>
<tag>Wait</tag>
<doc>Waits for the element found by ``selector`` to satisfy state option.</doc>
<msg timestamp="20240614 11:13:06.038" level="INFO">Waited for Element with selector xpath=//div[text()="Total de"] at state visible</msg>
<status status="PASS" starttime="20240614 11:13:04.209" endtime="20240614 11:13:06.038"/>
</kw>
<kw name="Get Text" library="Browser">
<arg>xpath=//div[text()="Total de"]</arg>
<arg>contains</arg>
<arg>Total de</arg>
<tag>Assertion</tag>
<tag>Getter</tag>
<tag>PageContent</tag>
<doc>Returns text attribute of the element found by ``selector``.</doc>
<msg timestamp="20240614 11:13:06.060" level="INFO">Text: 'Total de 917 registros encontrados'</msg>
<status status="PASS" starttime="20240614 11:13:06.038" endtime="20240614 11:13:06.060"/>
</kw>
<status status="PASS" starttime="20240614 11:13:04.110" endtime="20240614 11:13:06.060"/>
</kw>
<kw name="Acessar combo relatórios" library="ListasPage">
<kw name="Click" library="Browser">
<arg>xpath=//*[@id="show-modal-provider"]/div[1]/div/div[4]/div[1]/table/thead/tr/th[1]/div/div/div</arg>
<tag>PageContent</tag>
<tag>Setter</tag>
<doc>Simulates mouse click on the element found by ``selector``.</doc>
<status status="PASS" starttime="20240614 11:13:06.061" endtime="20240614 11:13:06.146"/>
</kw>
<kw name="Click" library="Browser">
<arg>xpath=//*[@id="show-modal-provider"]/div[1]/div/div[4]/div[2]/div/div[1]/label/div/div[1]</arg>
<tag>PageContent</tag>
<tag>Setter</tag>
<doc>Simulates mouse click on the element found by ``selector``.</doc>
<status status="PASS" starttime="20240614 11:13:06.146" endtime="20240614 11:13:06.210"/>
</kw>
<status status="PASS" starttime="20240614 11:13:06.061" endtime="20240614 11:13:06.210"/>
</kw>
<kw name="Relatório detalhado" library="ListasPage">
<kw name="Click" library="Browser">
<arg>xpath=//*[@id="show-modal-provider"]/div[1]/div/div[4]/div[2]/div/div[1]/label/div/div[2]/ul/li[2]</arg>
<tag>PageContent</tag>
<tag>Setter</tag>
<doc>Simulates mouse click on the element found by ``selector``.</doc>
<status status="PASS" starttime="20240614 11:13:06.211" endtime="20240614 11:13:06.797"/>
</kw>
<kw name="Set Browser Timeout" library="Browser">
<arg>20</arg>
<tag>Config</tag>
<tag>Setter</tag>
<doc>Sets the timeout used by most input and getter keywords.</doc>
<status status="PASS" starttime="20240614 11:13:06.798" endtime="20240614 11:13:06.798"/>
</kw>
<status status="PASS" starttime="20240614 11:13:06.210" endtime="20240614 11:13:06.798"/>
</kw>
<kw name="Take Screenshot" library="Browser" type="TEARDOWN">
<tag>PageContent</tag>
<doc>Takes a screenshot of the current window or element and saves it to disk.</doc>
<msg timestamp="20240614 11:13:06.981" level="INFO" html="true">&lt;/td&gt;&lt;/tr&gt;&lt;tr&gt;&lt;td colspan="3"&gt;&lt;a href="browser/screenshot/robotframework-browser-screenshot-8.png" target="_blank"&gt;&lt;img src="browser/screenshot/robotframework-browser-screenshot-8.png" width="800px"/&gt;&lt;/a&gt;</msg>
<status status="PASS" starttime="20240614 11:13:06.798" endtime="20240614 11:13:06.981"/>
</kw>
<tag>detalhado</tag>
<status status="PASS" starttime="20240614 11:13:01.233" endtime="20240614 11:13:06.981"/>
</test>
<test id="s1-s3-t3" name="Deve solicitar relatório resumido de listas" line="32">
<kw name="Start Session" library="base" type="SETUP">
<kw name="New Browser" library="Browser">
<arg>browser=chromium</arg>
<arg>headless=False</arg>
<tag>BrowserControl</tag>
<tag>Setter</tag>
<doc>Create a new playwright Browser with specified options.</doc>
<msg timestamp="20240614 11:13:07.083" level="INFO">Switching browser to browser=fd747422-ebf9-471b-8294-b2d995c45eeb</msg>
<msg timestamp="20240614 11:13:07.086" level="INFO">Successfully changed active browser: browser=fd747422-ebf9-471b-8294-b2d995c45eeb</msg>
<msg timestamp="20240614 11:13:07.086" level="INFO">Reusing existing browser with id: browser=fd747422-ebf9-471b-8294-b2d995c45eeb</msg>
<status status="PASS" starttime="20240614 11:13:07.082" endtime="20240614 11:13:07.086"/>
</kw>
<kw name="New Page" library="Browser">
<arg>https://movcad-prot.unimedfesp.dev.br/novo/login</arg>
<tag>BrowserControl</tag>
<tag>Setter</tag>
<doc>Open a new Page.</doc>
<msg timestamp="20240614 11:13:08.642" level="INFO">Successfully initialized new page object and opened url: https://movcad-prot.unimedfesp.dev.br/novo/login</msg>
<msg timestamp="20240614 11:13:08.642" level="INFO">No context was open. New context was automatically opened when this page is created.</msg>
<status status="PASS" starttime="20240614 11:13:07.086" endtime="20240614 11:13:08.642"/>
</kw>
<status status="PASS" starttime="20240614 11:13:07.082" endtime="20240614 11:13:08.642"/>
</kw>
<kw name="Login com sucesso" library="LoginPage">
<kw name="Fill Text" library="Browser">
<arg>css=input[name="usuario"]</arg>
<arg>${email}</arg>
<tag>PageContent</tag>
<tag>Setter</tag>
<doc>Clears and fills the given ``txt`` into the text field found by ``selector``.</doc>
<msg timestamp="20240614 11:13:08.643" level="INFO">Fills the text 'douglas.gragnano@gmail.com' in the given field.</msg>
<status status="PASS" starttime="20240614 11:13:08.643" endtime="20240614 11:13:08.692"/>
</kw>
<kw name="Fill Text" library="Browser">
<arg>css=input[name="senha"]</arg>
<arg>${senha}</arg>
<tag>PageContent</tag>
<tag>Setter</tag>
<doc>Clears and fills the given ``txt`` into the text field found by ``selector``.</doc>
<msg timestamp="20240614 11:13:08.692" level="INFO">Fills the text 'Palmeiras@2026' in the given field.</msg>
<status status="PASS" starttime="20240614 11:13:08.692" endtime="20240614 11:13:08.713"/>
</kw>
<kw name="Click" library="Browser">
<arg>css=button[type="submit"] &gt;&gt; text=conectar</arg>
<tag>PageContent</tag>
<tag>Setter</tag>
<doc>Simulates mouse click on the element found by ``selector``.</doc>
<status status="PASS" starttime="20240614 11:13:08.713" endtime="20240614 11:13:08.790"/>
</kw>
<kw name="Set Browser Timeout" library="Browser">
<arg>20</arg>
<tag>Config</tag>
<tag>Setter</tag>
<doc>Sets the timeout used by most input and getter keywords.</doc>
<status status="PASS" starttime="20240614 11:13:08.790" endtime="20240614 11:13:08.790"/>
</kw>
<kw name="Wait For Elements State" library="Browser">
<arg>xpath=//h1[text()="listas de movimentações"]</arg>
<arg>visible</arg>
<arg>10</arg>
<tag>PageContent</tag>
<tag>Wait</tag>
<doc>Waits for the element found by ``selector`` to satisfy state option.</doc>
<msg timestamp="20240614 11:13:10.142" level="INFO">Waited for Element with selector xpath=//h1[text()="listas de movimentações"] at state visible</msg>
<status status="PASS" starttime="20240614 11:13:08.790" endtime="20240614 11:13:10.142"/>
</kw>
<kw name="Get Text" library="Browser">
<arg>xpath=//h1[text()="listas de movimentações"]</arg>
<arg>equal</arg>
<arg>listas de movimentações</arg>
<tag>Assertion</tag>
<tag>Getter</tag>
<tag>PageContent</tag>
<doc>Returns text attribute of the element found by ``selector``.</doc>
<msg timestamp="20240614 11:13:10.163" level="INFO">Text: 'listas de movimentações'</msg>
<status status="PASS" starttime="20240614 11:13:10.142" endtime="20240614 11:13:10.163"/>
</kw>
<status status="PASS" starttime="20240614 11:13:08.643" endtime="20240614 11:13:10.164"/>
</kw>
<kw name="Filtrar todas listas" library="ListasPage">
<kw name="Click" library="Browser">
<arg>xpath=//*[@id="show-modal-provider"]/div[1]/div/div[2]/label[1]/div/p</arg>
<tag>PageContent</tag>
<tag>Setter</tag>
<doc>Simulates mouse click on the element found by ``selector``.</doc>
<status status="PASS" starttime="20240614 11:13:10.164" endtime="20240614 11:13:10.272"/>
</kw>
<kw name="Wait For Elements State" library="Browser">
<arg>xpath=//div[text()="Total de"]</arg>
<arg>visible</arg>
<arg>5</arg>
<tag>PageContent</tag>
<tag>Wait</tag>
<doc>Waits for the element found by ``selector`` to satisfy state option.</doc>
<msg timestamp="20240614 11:13:12.130" level="INFO">Waited for Element with selector xpath=//div[text()="Total de"] at state visible</msg>
<status status="PASS" starttime="20240614 11:13:10.272" endtime="20240614 11:13:12.130"/>
</kw>
<kw name="Get Text" library="Browser">
<arg>xpath=//div[text()="Total de"]</arg>
<arg>contains</arg>
<arg>Total de</arg>
<tag>Assertion</tag>
<tag>Getter</tag>
<tag>PageContent</tag>
<doc>Returns text attribute of the element found by ``selector``.</doc>
<msg timestamp="20240614 11:13:12.153" level="INFO">Text: 'Total de 917 registros encontrados'</msg>
<status status="PASS" starttime="20240614 11:13:12.131" endtime="20240614 11:13:12.153"/>
</kw>
<status status="PASS" starttime="20240614 11:13:10.164" endtime="20240614 11:13:12.153"/>
</kw>
<kw name="Acessar combo relatórios" library="ListasPage">
<kw name="Click" library="Browser">
<arg>xpath=//*[@id="show-modal-provider"]/div[1]/div/div[4]/div[1]/table/thead/tr/th[1]/div/div/div</arg>
<tag>PageContent</tag>
<tag>Setter</tag>
<doc>Simulates mouse click on the element found by ``selector``.</doc>
<status status="PASS" starttime="20240614 11:13:12.155" endtime="20240614 11:13:12.228"/>
</kw>
<kw name="Click" library="Browser">
<arg>xpath=//*[@id="show-modal-provider"]/div[1]/div/div[4]/div[2]/div/div[1]/label/div/div[1]</arg>
<tag>PageContent</tag>
<tag>Setter</tag>
<doc>Simulates mouse click on the element found by ``selector``.</doc>
<status status="PASS" starttime="20240614 11:13:12.228" endtime="20240614 11:13:12.292"/>
</kw>
<status status="PASS" starttime="20240614 11:13:12.154" endtime="20240614 11:13:12.292"/>
</kw>
<kw name="Relatório resumido" library="ListasPage">
<kw name="Click" library="Browser">
<arg>xpath=//*[@id="show-modal-provider"]/div[1]/div/div[4]/div[2]/div/div[1]/label/div/div[2]/ul/li[1]</arg>
<tag>PageContent</tag>
<tag>Setter</tag>
<doc>Simulates mouse click on the element found by ``selector``.</doc>
<status status="PASS" starttime="20240614 11:13:12.293" endtime="20240614 11:13:12.861"/>
</kw>
<kw name="Set Browser Timeout" library="Browser">
<arg>20</arg>
<tag>Config</tag>
<tag>Setter</tag>
<doc>Sets the timeout used by most input and getter keywords.</doc>
<status status="PASS" starttime="20240614 11:13:12.861" endtime="20240614 11:13:12.861"/>
</kw>
<status status="PASS" starttime="20240614 11:13:12.293" endtime="20240614 11:13:12.861"/>
</kw>
<kw name="Take Screenshot" library="Browser" type="TEARDOWN">
<tag>PageContent</tag>
<doc>Takes a screenshot of the current window or element and saves it to disk.</doc>
<msg timestamp="20240614 11:13:13.001" level="INFO" html="true">&lt;/td&gt;&lt;/tr&gt;&lt;tr&gt;&lt;td colspan="3"&gt;&lt;a href="browser/screenshot/robotframework-browser-screenshot-9.png" target="_blank"&gt;&lt;img src="browser/screenshot/robotframework-browser-screenshot-9.png" width="800px"/&gt;&lt;/a&gt;</msg>
<status status="PASS" starttime="20240614 11:13:12.862" endtime="20240614 11:13:13.001"/>
</kw>
<tag>resumido</tag>
<status status="PASS" starttime="20240614 11:13:07.078" endtime="20240614 11:13:13.001"/>
</test>
<test id="s1-s3-t4" name="Não deve solicitar relatório de listas" line="44">
<kw name="Start Session" library="base" type="SETUP">
<kw name="New Browser" library="Browser">
<arg>browser=chromium</arg>
<arg>headless=False</arg>
<tag>BrowserControl</tag>
<tag>Setter</tag>
<doc>Create a new playwright Browser with specified options.</doc>
<msg timestamp="20240614 11:13:13.073" level="INFO">Switching browser to browser=fd747422-ebf9-471b-8294-b2d995c45eeb</msg>
<msg timestamp="20240614 11:13:13.075" level="INFO">Successfully changed active browser: browser=fd747422-ebf9-471b-8294-b2d995c45eeb</msg>
<msg timestamp="20240614 11:13:13.075" level="INFO">Reusing existing browser with id: browser=fd747422-ebf9-471b-8294-b2d995c45eeb</msg>
<status status="PASS" starttime="20240614 11:13:13.072" endtime="20240614 11:13:13.075"/>
</kw>
<kw name="New Page" library="Browser">
<arg>https://movcad-prot.unimedfesp.dev.br/novo/login</arg>
<tag>BrowserControl</tag>
<tag>Setter</tag>
<doc>Open a new Page.</doc>
<msg timestamp="20240614 11:13:14.553" level="INFO">Successfully initialized new page object and opened url: https://movcad-prot.unimedfesp.dev.br/novo/login</msg>
<msg timestamp="20240614 11:13:14.553" level="INFO">No context was open. New context was automatically opened when this page is created.</msg>
<status status="PASS" starttime="20240614 11:13:13.075" endtime="20240614 11:13:14.553"/>
</kw>
<status status="PASS" starttime="20240614 11:13:13.072" endtime="20240614 11:13:14.553"/>
</kw>
<kw name="Login com sucesso" library="LoginPage">
<kw name="Fill Text" library="Browser">
<arg>css=input[name="usuario"]</arg>
<arg>${email}</arg>
<tag>PageContent</tag>
<tag>Setter</tag>
<doc>Clears and fills the given ``txt`` into the text field found by ``selector``.</doc>
<msg timestamp="20240614 11:13:14.554" level="INFO">Fills the text 'douglas.gragnano@gmail.com' in the given field.</msg>
<status status="PASS" starttime="20240614 11:13:14.554" endtime="20240614 11:13:14.597"/>
</kw>
<kw name="Fill Text" library="Browser">
<arg>css=input[name="senha"]</arg>
<arg>${senha}</arg>
<tag>PageContent</tag>
<tag>Setter</tag>
<doc>Clears and fills the given ``txt`` into the text field found by ``selector``.</doc>
<msg timestamp="20240614 11:13:14.598" level="INFO">Fills the text 'Palmeiras@2026' in the given field.</msg>
<status status="PASS" starttime="20240614 11:13:14.598" endtime="20240614 11:13:14.617"/>
</kw>
<kw name="Click" library="Browser">
<arg>css=button[type="submit"] &gt;&gt; text=conectar</arg>
<tag>PageContent</tag>
<tag>Setter</tag>
<doc>Simulates mouse click on the element found by ``selector``.</doc>
<status status="PASS" starttime="20240614 11:13:14.617" endtime="20240614 11:13:14.686"/>
</kw>
<kw name="Set Browser Timeout" library="Browser">
<arg>20</arg>
<tag>Config</tag>
<tag>Setter</tag>
<doc>Sets the timeout used by most input and getter keywords.</doc>
<status status="PASS" starttime="20240614 11:13:14.686" endtime="20240614 11:13:14.686"/>
</kw>
<kw name="Wait For Elements State" library="Browser">
<arg>xpath=//h1[text()="listas de movimentações"]</arg>
<arg>visible</arg>
<arg>10</arg>
<tag>PageContent</tag>
<tag>Wait</tag>
<doc>Waits for the element found by ``selector`` to satisfy state option.</doc>
<msg timestamp="20240614 11:13:16.033" level="INFO">Waited for Element with selector xpath=//h1[text()="listas de movimentações"] at state visible</msg>
<status status="PASS" starttime="20240614 11:13:14.686" endtime="20240614 11:13:16.033"/>
</kw>
<kw name="Get Text" library="Browser">
<arg>xpath=//h1[text()="listas de movimentações"]</arg>
<arg>equal</arg>
<arg>listas de movimentações</arg>
<tag>Assertion</tag>
<tag>Getter</tag>
<tag>PageContent</tag>
<doc>Returns text attribute of the element found by ``selector``.</doc>
<msg timestamp="20240614 11:13:16.056" level="INFO">Text: 'listas de movimentações'</msg>
<status status="PASS" starttime="20240614 11:13:16.033" endtime="20240614 11:13:16.056"/>
</kw>
<status status="PASS" starttime="20240614 11:13:14.554" endtime="20240614 11:13:16.056"/>
</kw>
<kw name="Filtrar todas listas" library="ListasPage">
<kw name="Click" library="Browser">
<arg>xpath=//*[@id="show-modal-provider"]/div[1]/div/div[2]/label[1]/div/p</arg>
<tag>PageContent</tag>
<tag>Setter</tag>
<doc>Simulates mouse click on the element found by ``selector``.</doc>
<status status="PASS" starttime="20240614 11:13:16.057" endtime="20240614 11:13:16.368"/>
</kw>
<kw name="Wait For Elements State" library="Browser">
<arg>xpath=//div[text()="Total de"]</arg>
<arg>visible</arg>
<arg>5</arg>
<tag>PageContent</tag>
<tag>Wait</tag>
<doc>Waits for the element found by ``selector`` to satisfy state option.</doc>
<msg timestamp="20240614 11:13:18.213" level="INFO">Waited for Element with selector xpath=//div[text()="Total de"] at state visible</msg>
<status status="PASS" starttime="20240614 11:13:16.368" endtime="20240614 11:13:18.213"/>
</kw>
<kw name="Get Text" library="Browser">
<arg>xpath=//div[text()="Total de"]</arg>
<arg>contains</arg>
<arg>Total de</arg>
<tag>Assertion</tag>
<tag>Getter</tag>
<tag>PageContent</tag>
<doc>Returns text attribute of the element found by ``selector``.</doc>
<msg timestamp="20240614 11:13:18.230" level="INFO">Text: 'Total de 917 registros encontrados'</msg>
<status status="PASS" starttime="20240614 11:13:18.213" endtime="20240614 11:13:18.230"/>
</kw>
<status status="PASS" starttime="20240614 11:13:16.057" endtime="20240614 11:13:18.230"/>
</kw>
<kw name="Relatório não é gerado" library="ListasPage">
<kw name="Click" library="Browser">
<arg>xpath=//*[@id="show-modal-provider"]/div[1]/div/div[4]/div[2]/div/div[1]/label/div/div[1]</arg>
<tag>PageContent</tag>
<tag>Setter</tag>
<doc>Simulates mouse click on the element found by ``selector``.</doc>
<status status="PASS" starttime="20240614 11:13:18.231" endtime="20240614 11:13:18.306"/>
</kw>
<kw name="Click" library="Browser">
<arg>xpath=//*[@id="show-modal-provider"]/div[1]/div/div[4]/div[2]/div/div[1]/label/div/div[2]/ul/li[1]</arg>
<tag>PageContent</tag>
<tag>Setter</tag>
<doc>Simulates mouse click on the element found by ``selector``.</doc>
<status status="PASS" starttime="20240614 11:13:18.306" endtime="20240614 11:13:18.829"/>
</kw>
<kw name="Get Element States" library="Browser">
<arg>xpath=//*[@id="show-modal-provider"]/div[1]/div/div[4]/div[2]/div/div[1]/label/div/div[2]/ul</arg>
<tag>Assertion</tag>
<tag>Getter</tag>
<tag>PageContent</tag>
<doc>Get the active states from the element found by ``selector``.</doc>
<msg timestamp="20240614 11:13:19.092" level="INFO">States are: ['detached']</msg>
<status status="PASS" starttime="20240614 11:13:18.830" endtime="20240614 11:13:19.092"/>
</kw>
<status status="PASS" starttime="20240614 11:13:18.231" endtime="20240614 11:13:19.092"/>
</kw>
<kw name="Take Screenshot" library="Browser" type="TEARDOWN">
<tag>PageContent</tag>
<doc>Takes a screenshot of the current window or element and saves it to disk.</doc>
<msg timestamp="20240614 11:13:19.298" level="INFO" html="true">&lt;/td&gt;&lt;/tr&gt;&lt;tr&gt;&lt;td colspan="3"&gt;&lt;a href="browser/screenshot/robotframework-browser-screenshot-10.png" target="_blank"&gt;&lt;img src="browser/screenshot/robotframework-browser-screenshot-10.png" width="800px"/&gt;&lt;/a&gt;</msg>
<status status="PASS" starttime="20240614 11:13:19.093" endtime="20240614 11:13:19.298"/>
</kw>
<tag>relatorio_nok</tag>
<status status="PASS" starttime="20240614 11:13:13.069" endtime="20240614 11:13:19.298"/>
</test>
<status status="PASS" starttime="20240614 11:12:55.909" endtime="20240614 11:13:19.361"/>
</suite>
<suite id="s1-s4" name="4.0 Listas Lote" source="C:\MovCad\projects\movcad\tests\4.0_listas_lote.robot">
<test id="s1-s4-t1" name="Deve enviar listas em csv" line="12">
<kw name="Start Session" library="base" type="SETUP">
<kw name="New Browser" library="Browser">
<arg>browser=chromium</arg>
<arg>headless=False</arg>
<tag>BrowserControl</tag>
<tag>Setter</tag>
<doc>Create a new playwright Browser with specified options.</doc>
<msg timestamp="20240614 11:13:19.380" level="INFO">Switching browser to browser=fd747422-ebf9-471b-8294-b2d995c45eeb</msg>
<msg timestamp="20240614 11:13:19.380" level="INFO">Successfully changed active browser: browser=fd747422-ebf9-471b-8294-b2d995c45eeb</msg>
<msg timestamp="20240614 11:13:19.381" level="INFO">Reusing existing browser with id: browser=fd747422-ebf9-471b-8294-b2d995c45eeb</msg>
<status status="PASS" starttime="20240614 11:13:19.379" endtime="20240614 11:13:19.381"/>
</kw>
<kw name="New Page" library="Browser">
<arg>https://movcad-prot.unimedfesp.dev.br/novo/login</arg>
<tag>BrowserControl</tag>
<tag>Setter</tag>
<doc>Open a new Page.</doc>
<msg timestamp="20240614 11:13:20.644" level="INFO">Successfully initialized new page object and opened url: https://movcad-prot.unimedfesp.dev.br/novo/login</msg>
<msg timestamp="20240614 11:13:20.644" level="INFO">No context was open. New context was automatically opened when this page is created.</msg>
<status status="PASS" starttime="20240614 11:13:19.381" endtime="20240614 11:13:20.644"/>
</kw>
<status status="PASS" starttime="20240614 11:13:19.379" endtime="20240614 11:13:20.644"/>
</kw>
<kw name="Login com sucesso" library="LoginPage">
<kw name="Fill Text" library="Browser">
<arg>css=input[name="usuario"]</arg>
<arg>${email}</arg>
<tag>PageContent</tag>
<tag>Setter</tag>
<doc>Clears and fills the given ``txt`` into the text field found by ``selector``.</doc>
<msg timestamp="20240614 11:13:20.645" level="INFO">Fills the text 'douglas.gragnano@gmail.com' in the given field.</msg>
<status status="PASS" starttime="20240614 11:13:20.645" endtime="20240614 11:13:20.690"/>
</kw>
<kw name="Fill Text" library="Browser">
<arg>css=input[name="senha"]</arg>
<arg>${senha}</arg>
<tag>PageContent</tag>
<tag>Setter</tag>
<doc>Clears and fills the given ``txt`` into the text field found by ``selector``.</doc>
<msg timestamp="20240614 11:13:20.690" level="INFO">Fills the text 'Palmeiras@2026' in the given field.</msg>
<status status="PASS" starttime="20240614 11:13:20.690" endtime="20240614 11:13:20.711"/>
</kw>
<kw name="Click" library="Browser">
<arg>css=button[type="submit"] &gt;&gt; text=conectar</arg>
<tag>PageContent</tag>
<tag>Setter</tag>
<doc>Simulates mouse click on the element found by ``selector``.</doc>
<status status="PASS" starttime="20240614 11:13:20.711" endtime="20240614 11:13:20.788"/>
</kw>
<kw name="Set Browser Timeout" library="Browser">
<arg>20</arg>
<tag>Config</tag>
<tag>Setter</tag>
<doc>Sets the timeout used by most input and getter keywords.</doc>
<msg timestamp="20240614 11:13:20.790" level="INFO">Set timeout to: 20000</msg>
<status status="PASS" starttime="20240614 11:13:20.788" endtime="20240614 11:13:20.790"/>
</kw>
<kw name="Wait For Elements State" library="Browser">
<arg>xpath=//h1[text()="listas de movimentações"]</arg>
<arg>visible</arg>
<arg>10</arg>
<tag>PageContent</tag>
<tag>Wait</tag>
<doc>Waits for the element found by ``selector`` to satisfy state option.</doc>
<msg timestamp="20240614 11:13:22.118" level="INFO">Waited for Element with selector xpath=//h1[text()="listas de movimentações"] at state visible</msg>
<status status="PASS" starttime="20240614 11:13:20.790" endtime="20240614 11:13:22.118"/>
</kw>
<kw name="Get Text" library="Browser">
<arg>xpath=//h1[text()="listas de movimentações"]</arg>
<arg>equal</arg>
<arg>listas de movimentações</arg>
<tag>Assertion</tag>
<tag>Getter</tag>
<tag>PageContent</tag>
<doc>Returns text attribute of the element found by ``selector``.</doc>
<msg timestamp="20240614 11:13:22.138" level="INFO">Text: 'listas de movimentações'</msg>
<status status="PASS" starttime="20240614 11:13:22.118" endtime="20240614 11:13:22.138"/>
</kw>
<status status="PASS" starttime="20240614 11:13:20.645" endtime="20240614 11:13:22.138"/>
</kw>
<kw name="Lista csv" library="ListasPage">
<kw name="Click" library="Browser">
<arg>xpath=//div[text()="Importar Lote"]</arg>
<tag>PageContent</tag>
<tag>Setter</tag>
<doc>Simulates mouse click on the element found by ``selector``.</doc>
<status status="PASS" starttime="20240614 11:13:22.139" endtime="20240614 11:13:22.184"/>
</kw>
<kw name="Click" library="Browser">
<arg>xpath=//li[text()="ARQUIVO - CSV"]</arg>
<tag>PageContent</tag>
<tag>Setter</tag>
<doc>Simulates mouse click on the element found by ``selector``.</doc>
<status status="PASS" starttime="20240614 11:13:22.184" endtime="20240614 11:13:22.760"/>
</kw>
<kw name="Upload File By Selector" library="Browser">
<arg>xpath=//p[text()="procure em seu computador"]</arg>
<arg>${csv_file_path}</arg>
<tag>PageContent</tag>
<tag>Setter</tag>
<doc>Uploads file from `path` to file input element matched by selector.</doc>
<status status="PASS" starttime="20240614 11:13:22.760" endtime="20240614 11:13:22.773"/>
</kw>
<kw name="Wait For Elements State" library="Browser">
<arg>xpath=//button[text()="importar"]</arg>
<arg>visible</arg>
<arg>30</arg>
<tag>PageContent</tag>
<tag>Wait</tag>
<doc>Waits for the element found by ``selector`` to satisfy state option.</doc>
<msg timestamp="20240614 11:13:22.786" level="INFO">Waited for Element with selector xpath=//button[text()="importar"] at state visible</msg>
<status status="PASS" starttime="20240614 11:13:22.774" endtime="20240614 11:13:22.786"/>
</kw>
<kw name="Click" library="Browser">
<arg>xpath=//button[text()="importar"]</arg>
<tag>PageContent</tag>
<tag>Setter</tag>
<doc>Simulates mouse click on the element found by ``selector``.</doc>
<status status="PASS" starttime="20240614 11:13:22.786" endtime="20240614 11:13:23.798"/>
</kw>
<kw name="Wait For Elements State" library="Browser">
<arg>xpath=//h1[text()="listas de movimentações"]</arg>
<arg>visible</arg>
<arg>5</arg>
<tag>PageContent</tag>
<tag>Wait</tag>
<doc>Waits for the element found by ``selector`` to satisfy state option.</doc>
<msg timestamp="20240614 11:13:23.804" level="INFO">Waited for Element with selector xpath=//h1[text()="listas de movimentações"] at state visible</msg>
<status status="PASS" starttime="20240614 11:13:23.798" endtime="20240614 11:13:23.804"/>
</kw>
<kw name="Get Text" library="Browser">
<arg>xpath=//h1[text()="listas de movimentações"]</arg>
<arg>equal</arg>
<arg>listas de movimentações</arg>
<tag>Assertion</tag>
<tag>Getter</tag>
<tag>PageContent</tag>
<doc>Returns text attribute of the element found by ``selector``.</doc>
<msg timestamp="20240614 11:13:23.815" level="INFO">Text: 'listas de movimentações'</msg>
<status status="PASS" starttime="20240614 11:13:23.804" endtime="20240614 11:13:23.815"/>
</kw>
<kw name="Click" library="Browser">
<arg>xpath=//*[@id="show-modal-provider"]/div[1]/div/div[2]/label[1]/div/p</arg>
<tag>PageContent</tag>
<tag>Setter</tag>
<doc>Simulates mouse click on the element found by ``selector``.</doc>
<status status="PASS" starttime="20240614 11:13:23.815" endtime="20240614 11:13:26.481"/>
</kw>
<kw name="Wait For Elements State" library="Browser">
<arg>xpath=//div[text()="Total de"]</arg>
<arg>visible</arg>
<arg>5</arg>
<tag>PageContent</tag>
<tag>Wait</tag>
<doc>Waits for the element found by ``selector`` to satisfy state option.</doc>
<msg timestamp="20240614 11:13:28.333" level="INFO">Waited for Element with selector xpath=//div[text()="Total de"] at state visible</msg>
<status status="PASS" starttime="20240614 11:13:26.481" endtime="20240614 11:13:28.333"/>
</kw>
<kw name="Get Text" library="Browser">
<arg>xpath=//div[text()="Total de"]</arg>
<arg>contains</arg>
<arg>Total de</arg>
<tag>Assertion</tag>
<tag>Getter</tag>
<tag>PageContent</tag>
<doc>Returns text attribute of the element found by ``selector``.</doc>
<msg timestamp="20240614 11:13:28.357" level="INFO">Text: 'Total de 918 registros encontrados'</msg>
<status status="PASS" starttime="20240614 11:13:28.334" endtime="20240614 11:13:28.357"/>
</kw>
<kw name="Click" library="Browser">
<arg>xpath=//*[@id="show-modal-provider"]/div[1]/div/div[4]/div[1]/table/tbody/tr[1]/td[2]/div</arg>
<tag>PageContent</tag>
<tag>Setter</tag>
<doc>Simulates mouse click on the element found by ``selector``.</doc>
<status status="PASS" starttime="20240614 11:13:28.358" endtime="20240614 11:13:29.567"/>
</kw>
<kw name="Get Text" library="Browser">
<arg>xpath=//*[@id="full"]/label[1]</arg>
<arg>contains</arg>
<arg>Nome</arg>
<tag>Assertion</tag>
<tag>Getter</tag>
<tag>PageContent</tag>
<doc>Returns text attribute of the element found by ``selector``.</doc>
<msg timestamp="20240614 11:13:31.448" level="INFO">Text: 'Nome:\n77839_240614_13L'</msg>
<status status="PASS" starttime="20240614 11:13:29.567" endtime="20240614 11:13:31.448"/>
</kw>
<status status="PASS" starttime="20240614 11:13:22.138" endtime="20240614 11:13:31.449"/>
</kw>
<kw name="Take Screenshot" library="Browser" type="TEARDOWN">
<tag>PageContent</tag>
<doc>Takes a screenshot of the current window or element and saves it to disk.</doc>
<msg timestamp="20240614 11:13:31.720" level="INFO" html="true">&lt;/td&gt;&lt;/tr&gt;&lt;tr&gt;&lt;td colspan="3"&gt;&lt;a href="browser/screenshot/robotframework-browser-screenshot-11.png" target="_blank"&gt;&lt;img src="browser/screenshot/robotframework-browser-screenshot-11.png" width="800px"/&gt;&lt;/a&gt;</msg>
<status status="PASS" starttime="20240614 11:13:31.449" endtime="20240614 11:13:31.720"/>
</kw>
<tag>lista_csv</tag>
<status status="PASS" starttime="20240614 11:13:19.377" endtime="20240614 11:13:31.721"/>
</test>
<test id="s1-s4-t2" name="Deve enviar listas em txt" line="20">
<kw name="Start Session" library="base" type="SETUP">
<kw name="New Browser" library="Browser">
<arg>browser=chromium</arg>
<arg>headless=False</arg>
<tag>BrowserControl</tag>
<tag>Setter</tag>
<doc>Create a new playwright Browser with specified options.</doc>
<msg timestamp="20240614 11:13:31.796" level="INFO">Switching browser to browser=fd747422-ebf9-471b-8294-b2d995c45eeb</msg>
<msg timestamp="20240614 11:13:31.800" level="INFO">Successfully changed active browser: browser=fd747422-ebf9-471b-8294-b2d995c45eeb</msg>
<msg timestamp="20240614 11:13:31.800" level="INFO">Reusing existing browser with id: browser=fd747422-ebf9-471b-8294-b2d995c45eeb</msg>
<status status="PASS" starttime="20240614 11:13:31.796" endtime="20240614 11:13:31.801"/>
</kw>
<kw name="New Page" library="Browser">
<arg>https://movcad-prot.unimedfesp.dev.br/novo/login</arg>
<tag>BrowserControl</tag>
<tag>Setter</tag>
<doc>Open a new Page.</doc>
<msg timestamp="20240614 11:13:33.349" level="INFO">Successfully initialized new page object and opened url: https://movcad-prot.unimedfesp.dev.br/novo/login</msg>
<msg timestamp="20240614 11:13:33.349" level="INFO">No context was open. New context was automatically opened when this page is created.</msg>
<status status="PASS" starttime="20240614 11:13:31.801" endtime="20240614 11:13:33.349"/>
</kw>
<status status="PASS" starttime="20240614 11:13:31.795" endtime="20240614 11:13:33.349"/>
</kw>
<kw name="Login com sucesso" library="LoginPage">
<kw name="Fill Text" library="Browser">
<arg>css=input[name="usuario"]</arg>
<arg>${email}</arg>
<tag>PageContent</tag>
<tag>Setter</tag>
<doc>Clears and fills the given ``txt`` into the text field found by ``selector``.</doc>
<msg timestamp="20240614 11:13:33.350" level="INFO">Fills the text 'douglas.gragnano@gmail.com' in the given field.</msg>
<status status="PASS" starttime="20240614 11:13:33.350" endtime="20240614 11:13:33.397"/>
</kw>
<kw name="Fill Text" library="Browser">
<arg>css=input[name="senha"]</arg>
<arg>${senha}</arg>
<tag>PageContent</tag>
<tag>Setter</tag>
<doc>Clears and fills the given ``txt`` into the text field found by ``selector``.</doc>
<msg timestamp="20240614 11:13:33.398" level="INFO">Fills the text 'Palmeiras@2026' in the given field.</msg>
<status status="PASS" starttime="20240614 11:13:33.397" endtime="20240614 11:13:33.422"/>
</kw>
<kw name="Click" library="Browser">
<arg>css=button[type="submit"] &gt;&gt; text=conectar</arg>
<tag>PageContent</tag>
<tag>Setter</tag>
<doc>Simulates mouse click on the element found by ``selector``.</doc>
<status status="PASS" starttime="20240614 11:13:33.422" endtime="20240614 11:13:33.492"/>
</kw>
<kw name="Set Browser Timeout" library="Browser">
<arg>20</arg>
<tag>Config</tag>
<tag>Setter</tag>
<doc>Sets the timeout used by most input and getter keywords.</doc>
<status status="PASS" starttime="20240614 11:13:33.492" endtime="20240614 11:13:33.492"/>
</kw>
<kw name="Wait For Elements State" library="Browser">
<arg>xpath=//h1[text()="listas de movimentações"]</arg>
<arg>visible</arg>
<arg>10</arg>
<tag>PageContent</tag>
<tag>Wait</tag>
<doc>Waits for the element found by ``selector`` to satisfy state option.</doc>
<msg timestamp="20240614 11:13:34.864" level="INFO">Waited for Element with selector xpath=//h1[text()="listas de movimentações"] at state visible</msg>
<status status="PASS" starttime="20240614 11:13:33.492" endtime="20240614 11:13:34.864"/>
</kw>
<kw name="Get Text" library="Browser">
<arg>xpath=//h1[text()="listas de movimentações"]</arg>
<arg>equal</arg>
<arg>listas de movimentações</arg>
<tag>Assertion</tag>
<tag>Getter</tag>
<tag>PageContent</tag>
<doc>Returns text attribute of the element found by ``selector``.</doc>
<msg timestamp="20240614 11:13:34.890" level="INFO">Text: 'listas de movimentações'</msg>
<status status="PASS" starttime="20240614 11:13:34.865" endtime="20240614 11:13:34.890"/>
</kw>
<status status="PASS" starttime="20240614 11:13:33.350" endtime="20240614 11:13:34.890"/>
</kw>
<kw name="Lista txt" library="ListasPage">
<kw name="Click" library="Browser">
<arg>xpath=//div[text()="Importar Lote"]</arg>
<tag>PageContent</tag>
<tag>Setter</tag>
<doc>Simulates mouse click on the element found by ``selector``.</doc>
<status status="PASS" starttime="20240614 11:13:34.891" endtime="20240614 11:13:34.946"/>
</kw>
<kw name="Click" library="Browser">
<arg>xpath=//li[text()="ARQUIVO - TXT"]</arg>
<tag>PageContent</tag>
<tag>Setter</tag>
<doc>Simulates mouse click on the element found by ``selector``.</doc>
<status status="PASS" starttime="20240614 11:13:34.946" endtime="20240614 11:13:35.503"/>
</kw>
<kw name="Upload File By Selector" library="Browser">
<arg>xpath=//p[text()="procure em seu computador"]</arg>
<arg>${txt_file_path}</arg>
<tag>PageContent</tag>
<tag>Setter</tag>
<doc>Uploads file from `path` to file input element matched by selector.</doc>
<status status="PASS" starttime="20240614 11:13:35.503" endtime="20240614 11:13:35.519"/>
</kw>
<kw name="Wait For Elements State" library="Browser">
<arg>xpath=//button[text()="importar"]</arg>
<arg>visible</arg>
<arg>30</arg>
<tag>PageContent</tag>
<tag>Wait</tag>
<doc>Waits for the element found by ``selector`` to satisfy state option.</doc>
<msg timestamp="20240614 11:13:35.529" level="INFO">Waited for Element with selector xpath=//button[text()="importar"] at state visible</msg>
<status status="PASS" starttime="20240614 11:13:35.519" endtime="20240614 11:13:35.529"/>
</kw>
<kw name="Click" library="Browser">
<arg>xpath=//button[text()="importar"]</arg>
<tag>PageContent</tag>
<tag>Setter</tag>
<doc>Simulates mouse click on the element found by ``selector``.</doc>
<status status="PASS" starttime="20240614 11:13:35.529" endtime="20240614 11:13:36.372"/>
</kw>
<kw name="Wait For Elements State" library="Browser">
<arg>xpath=//*[@id="show-modal-provider"]/div[1]/form/div[3]/div/button[1]</arg>
<arg>visible</arg>
<arg>5</arg>
<tag>PageContent</tag>
<tag>Wait</tag>
<doc>Waits for the element found by ``selector`` to satisfy state option.</doc>
<msg timestamp="20240614 11:13:36.378" level="INFO">Waited for Element with selector xpath=//*[@id="show-modal-provider"]/div[1]/form/div[3]/div/button[1] at state visible</msg>
<status status="PASS" starttime="20240614 11:13:36.372" endtime="20240614 11:13:36.378"/>
</kw>
<kw name="Click" library="Browser">
<arg>xpath=//*[@id="show-modal-provider"]/div[1]/form/div[3]/div/button[1]</arg>
<tag>PageContent</tag>
<tag>Setter</tag>
<doc>Simulates mouse click on the element found by ``selector``.</doc>
<status status="PASS" starttime="20240614 11:13:36.378" endtime="20240614 11:13:36.442"/>
</kw>
<kw name="Wait For Elements State" library="Browser">
<arg>xpath=//h1[text()="listas de movimentações"]</arg>
<arg>visible</arg>
<arg>5</arg>
<tag>PageContent</tag>
<tag>Wait</tag>
<doc>Waits for the element found by ``selector`` to satisfy state option.</doc>
<msg timestamp="20240614 11:13:36.673" level="INFO">Waited for Element with selector xpath=//h1[text()="listas de movimentações"] at state visible</msg>
<status status="PASS" starttime="20240614 11:13:36.442" endtime="20240614 11:13:36.673"/>
</kw>
<kw name="Get Text" library="Browser">
<arg>xpath=//h1[text()="listas de movimentações"]</arg>
<arg>equal</arg>
<arg>listas de movimentações</arg>
<tag>Assertion</tag>
<tag>Getter</tag>
<tag>PageContent</tag>
<doc>Returns text attribute of the element found by ``selector``.</doc>
<msg timestamp="20240614 11:13:36.688" level="INFO">Text: 'listas de movimentações'</msg>
<status status="PASS" starttime="20240614 11:13:36.673" endtime="20240614 11:13:36.688"/>
</kw>
<kw name="Click" library="Browser">
<arg>xpath=//*[@id="show-modal-provider"]/div[1]/div/div[2]/label[1]/div/p</arg>
<tag>PageContent</tag>
<tag>Setter</tag>
<doc>Simulates mouse click on the element found by ``selector``.</doc>
<status status="PASS" starttime="20240614 11:13:36.688" endtime="20240614 11:13:36.990"/>
</kw>
<kw name="Wait For Elements State" library="Browser">
<arg>xpath=//div[text()="Total de"]</arg>
<arg>visible</arg>
<arg>5</arg>
<tag>PageContent</tag>
<tag>Wait</tag>
<doc>Waits for the element found by ``selector`` to satisfy state option.</doc>
<msg timestamp="20240614 11:13:38.842" level="INFO">Waited for Element with selector xpath=//div[text()="Total de"] at state visible</msg>
<status status="PASS" starttime="20240614 11:13:36.990" endtime="20240614 11:13:38.842"/>
</kw>
<kw name="Get Text" library="Browser">
<arg>xpath=//div[text()="Total de"]</arg>
<arg>contains</arg>
<arg>Total de</arg>
<tag>Assertion</tag>
<tag>Getter</tag>
<tag>PageContent</tag>
<doc>Returns text attribute of the element found by ``selector``.</doc>
<msg timestamp="20240614 11:13:38.858" level="INFO">Text: 'Total de 919 registros encontrados'</msg>
<status status="PASS" starttime="20240614 11:13:38.842" endtime="20240614 11:13:38.858"/>
</kw>
<kw name="Click" library="Browser">
<arg>xpath=//*[@id="show-modal-provider"]/div[1]/div/div[4]/div[1]/table/tbody/tr[1]/td[2]/div</arg>
<tag>PageContent</tag>
<tag>Setter</tag>
<doc>Simulates mouse click on the element found by ``selector``.</doc>
<status status="PASS" starttime="20240614 11:13:38.858" endtime="20240614 11:13:39.451"/>
</kw>
<kw name="Get Text" library="Browser">
<arg>xpath=//*[@id="full"]/label[1]</arg>
<arg>contains</arg>
<arg>Nome</arg>
<tag>Assertion</tag>
<tag>Getter</tag>
<tag>PageContent</tag>
<doc>Returns text attribute of the element found by ``selector``.</doc>
<msg timestamp="20240614 11:13:40.797" level="INFO">Text: 'Nome:\n77839_240614_14L'</msg>
<status status="PASS" starttime="20240614 11:13:39.451" endtime="20240614 11:13:40.797"/>
</kw>
<status status="PASS" starttime="20240614 11:13:34.891" endtime="20240614 11:13:40.797"/>
</kw>
<kw name="Take Screenshot" library="Browser" type="TEARDOWN">
<tag>PageContent</tag>
<doc>Takes a screenshot of the current window or element and saves it to disk.</doc>
<msg timestamp="20240614 11:13:41.496" level="INFO" html="true">&lt;/td&gt;&lt;/tr&gt;&lt;tr&gt;&lt;td colspan="3"&gt;&lt;a href="browser/screenshot/robotframework-browser-screenshot-12.png" target="_blank"&gt;&lt;img src="browser/screenshot/robotframework-browser-screenshot-12.png" width="800px"/&gt;&lt;/a&gt;</msg>
<status status="PASS" starttime="20240614 11:13:40.798" endtime="20240614 11:13:41.496"/>
</kw>
<tag>lista_txt</tag>
<status status="PASS" starttime="20240614 11:13:31.788" endtime="20240614 11:13:41.497"/>
</test>
<test id="s1-s4-t3" name="Não deve aceitar arquivo com extensão diferente de txt" line="28">
<kw name="Start Session" library="base" type="SETUP">
<kw name="New Browser" library="Browser">
<arg>browser=chromium</arg>
<arg>headless=False</arg>
<tag>BrowserControl</tag>
<tag>Setter</tag>
<doc>Create a new playwright Browser with specified options.</doc>
<msg timestamp="20240614 11:13:41.557" level="INFO">Switching browser to browser=fd747422-ebf9-471b-8294-b2d995c45eeb</msg>
<msg timestamp="20240614 11:13:41.562" level="INFO">Successfully changed active browser: browser=fd747422-ebf9-471b-8294-b2d995c45eeb</msg>
<msg timestamp="20240614 11:13:41.562" level="INFO">Reusing existing browser with id: browser=fd747422-ebf9-471b-8294-b2d995c45eeb</msg>
<status status="PASS" starttime="20240614 11:13:41.557" endtime="20240614 11:13:41.562"/>
</kw>
<kw name="New Page" library="Browser">
<arg>https://movcad-prot.unimedfesp.dev.br/novo/login</arg>
<tag>BrowserControl</tag>
<tag>Setter</tag>
<doc>Open a new Page.</doc>
<msg timestamp="20240614 11:13:42.838" level="INFO">Successfully initialized new page object and opened url: https://movcad-prot.unimedfesp.dev.br/novo/login</msg>
<msg timestamp="20240614 11:13:42.838" level="INFO">No context was open. New context was automatically opened when this page is created.</msg>
<status status="PASS" starttime="20240614 11:13:41.563" endtime="20240614 11:13:42.838"/>
</kw>
<status status="PASS" starttime="20240614 11:13:41.557" endtime="20240614 11:13:42.838"/>
</kw>
<kw name="Login com sucesso" library="LoginPage">
<kw name="Fill Text" library="Browser">
<arg>css=input[name="usuario"]</arg>
<arg>${email}</arg>
<tag>PageContent</tag>
<tag>Setter</tag>
<doc>Clears and fills the given ``txt`` into the text field found by ``selector``.</doc>
<msg timestamp="20240614 11:13:42.839" level="INFO">Fills the text 'douglas.gragnano@gmail.com' in the given field.</msg>
<status status="PASS" starttime="20240614 11:13:42.839" endtime="20240614 11:13:42.881"/>
</kw>
<kw name="Fill Text" library="Browser">
<arg>css=input[name="senha"]</arg>
<arg>${senha}</arg>
<tag>PageContent</tag>
<tag>Setter</tag>
<doc>Clears and fills the given ``txt`` into the text field found by ``selector``.</doc>
<msg timestamp="20240614 11:13:42.883" level="INFO">Fills the text 'Palmeiras@2026' in the given field.</msg>
<status status="PASS" starttime="20240614 11:13:42.883" endtime="20240614 11:13:42.905"/>
</kw>
<kw name="Click" library="Browser">
<arg>css=button[type="submit"] &gt;&gt; text=conectar</arg>
<tag>PageContent</tag>
<tag>Setter</tag>
<doc>Simulates mouse click on the element found by ``selector``.</doc>
<status status="PASS" starttime="20240614 11:13:42.905" endtime="20240614 11:13:42.971"/>
</kw>
<kw name="Set Browser Timeout" library="Browser">
<arg>20</arg>
<tag>Config</tag>
<tag>Setter</tag>
<doc>Sets the timeout used by most input and getter keywords.</doc>
<status status="PASS" starttime="20240614 11:13:42.971" endtime="20240614 11:13:42.971"/>
</kw>
<kw name="Wait For Elements State" library="Browser">
<arg>xpath=//h1[text()="listas de movimentações"]</arg>
<arg>visible</arg>
<arg>10</arg>
<tag>PageContent</tag>
<tag>Wait</tag>
<doc>Waits for the element found by ``selector`` to satisfy state option.</doc>
<msg timestamp="20240614 11:13:44.307" level="INFO">Waited for Element with selector xpath=//h1[text()="listas de movimentações"] at state visible</msg>
<status status="PASS" starttime="20240614 11:13:42.971" endtime="20240614 11:13:44.307"/>
</kw>
<kw name="Get Text" library="Browser">
<arg>xpath=//h1[text()="listas de movimentações"]</arg>
<arg>equal</arg>
<arg>listas de movimentações</arg>
<tag>Assertion</tag>
<tag>Getter</tag>
<tag>PageContent</tag>
<doc>Returns text attribute of the element found by ``selector``.</doc>
<msg timestamp="20240614 11:13:44.330" level="INFO">Text: 'listas de movimentações'</msg>
<status status="PASS" starttime="20240614 11:13:44.307" endtime="20240614 11:13:44.330"/>
</kw>
<status status="PASS" starttime="20240614 11:13:42.839" endtime="20240614 11:13:44.330"/>
</kw>
<kw name="Arquivo diferente de txt" library="ListasPage">
<kw name="Click" library="Browser">
<arg>xpath=//div[text()="Importar Lote"]</arg>
<tag>PageContent</tag>
<tag>Setter</tag>
<doc>Simulates mouse click on the element found by ``selector``.</doc>
<status status="PASS" starttime="20240614 11:13:44.331" endtime="20240614 11:13:44.390"/>
</kw>
[...]
</kw>
<kw name="Set Browser Timeout" library="Browser">
<arg>5</arg>
<tag>Config</tag>
<tag>Setter</tag>
<doc>Sets the timeout used by most input and getter keywords.</doc>
<msg timestamp="20240614 11:13:56.097" level="INFO">Set timeout to: 5000</msg>
<status status="PASS" starttime="20240614 11:13:56.094" endtime="20240614 11:13:56.098"/>
</kw>
<kw name="Click" library="Browser">
<arg>css=div[name="modalidade"] &gt;&gt; text=Selecione a modalidade</arg>
<tag>PageContent</tag>
<tag>Setter</tag>
<doc>Simulates mouse click on the element found by ``selector``.</doc>
<status status="PASS" starttime="20240614 11:13:56.098" endtime="20240614 11:13:56.146"/>
</kw>
<kw name="Click" library="Browser">
<arg>xpath=//li[text()="24"]</arg>
<tag>PageContent</tag>
<tag>Setter</tag>
<doc>Simulates mouse click on the element found by ``selector``.</doc>
<status status="PASS" starttime="20240614 11:13:56.146" endtime="20240614 11:13:56.691"/>
</kw>
<kw name="Click" library="Browser">
<arg>css=div[name="termo"] &gt;&gt; text=Selecione o termo</arg>
<tag>PageContent</tag>
<tag>Setter</tag>
<doc>Simulates mouse click on the element found by ``selector``.</doc>
<status status="PASS" starttime="20240614 11:13:56.691" endtime="20240614 11:13:56.749"/>
</kw>
<kw name="Click" library="Browser">
<arg>xpath=//li[text()="250"]</arg>
<tag>PageContent</tag>
<tag>Setter</tag>
<doc>Simulates mouse click on the element found by ``selector``.</doc>
<status status="PASS" starttime="20240614 11:13:56.749" endtime="20240614 11:13:57.288"/>
</kw>
<kw name="Click" library="Browser">
<arg>css=div[name="layout"] &gt;&gt; text=Layout 1</arg>
<tag>PageContent</tag>
<tag>Setter</tag>
<doc>Simulates mouse click on the element found by ``selector``.</doc>
<status status="PASS" starttime="20240614 11:13:57.288" endtime="20240614 11:13:57.332"/>
</kw>
<kw name="Click" library="Browser">
<arg>xpath=//li[text()="Layout 1"]</arg>
<tag>PageContent</tag>
<tag>Setter</tag>
<doc>Simulates mouse click on the element found by ``selector``.</doc>
<status status="PASS" starttime="20240614 11:13:57.332" endtime="20240614 11:13:57.866"/>
</kw>
<kw name="Click" library="Browser">
<arg>css=div[name="extensão"] &gt;&gt; text=xlsx</arg>
<tag>PageContent</tag>
<tag>Setter</tag>
<doc>Simulates mouse click on the element found by ``selector``.</doc>
<status status="PASS" starttime="20240614 11:13:57.866" endtime="20240614 11:13:57.914"/>
</kw>
<kw name="Click" library="Browser">
<arg>xpath=//li[text()="xlsx"]</arg>
<tag>PageContent</tag>
<tag>Setter</tag>
<doc>Simulates mouse click on the element found by ``selector``.</doc>
<status status="PASS" starttime="20240614 11:13:57.914" endtime="20240614 11:13:58.449"/>
</kw>
<kw name="Click" library="Browser">
<arg>xpath=//button[text()="Gerar Relatório"]</arg>
<tag>PageContent</tag>
<tag>Setter</tag>
<doc>Simulates mouse click on the element found by ``selector``.</doc>
<status status="PASS" starttime="20240614 11:13:58.449" endtime="20240614 11:13:58.515"/>
</kw>
<kw name="Click" library="Browser">
<arg>xpath=//button[text()="sim"]</arg>
<tag>PageContent</tag>
<tag>Setter</tag>
<doc>Simulates mouse click on the element found by ``selector``.</doc>
<status status="PASS" starttime="20240614 11:13:58.515" endtime="20240614 11:13:59.206"/>
</kw>
<kw name="Wait For Elements State" library="Browser">
<arg>xpath=//h1[text()="Relatórios"]</arg>
<arg>visible</arg>
<arg>5</arg>
<tag>PageContent</tag>
<tag>Wait</tag>
<doc>Waits for the element found by ``selector`` to satisfy state option.</doc>
<msg timestamp="20240614 11:13:59.408" level="INFO">Waited for Element with selector xpath=//h1[text()="Relatórios"] at state visible</msg>
<status status="PASS" starttime="20240614 11:13:59.207" endtime="20240614 11:13:59.409"/>
</kw>
<kw name="Click" library="Browser">
<arg>xpath=//*[@id="show-modal-provider"]/div[1]/div/div[2]/div/table/tbody/tr[1]/td[5]/div/div/div[2]/div/button</arg>
<tag>PageContent</tag>
<tag>Setter</tag>
<doc>Simulates mouse click on the element found by ``selector``.</doc>
<status status="PASS" starttime="20240614 11:13:59.409" endtime="20240614 11:13:59.565"/>
</kw>
<kw name="Wait For Elements State" library="Browser">
<arg>xpath=//p[text()="Filtros Aplicados"]</arg>
<arg>visible</arg>
<arg>5</arg>
<tag>PageContent</tag>
<tag>Wait</tag>
<doc>Waits for the element found by ``selector`` to satisfy state option.</doc>
<msg timestamp="20240614 11:13:59.573" level="INFO">Waited for Element with selector xpath=//p[text()="Filtros Aplicados"] at state visible</msg>
<status status="PASS" starttime="20240614 11:13:59.566" endtime="20240614 11:13:59.573"/>
</kw>
<kw name="Get Text" library="Browser">
<arg>xpath=//*[@id="show-modal-provider"]/div[1]/div[3]/div[2]/div/div/div[5]</arg>
<arg>equal</arg>
<arg>Layout: Layout 1</arg>
<tag>Assertion</tag>
<tag>Getter</tag>
<tag>PageContent</tag>
<doc>Returns text attribute of the element found by ``selector``.</doc>
<msg timestamp="20240614 11:13:59.586" level="INFO">Text: 'Layout: Layout 1'</msg>
<status status="PASS" starttime="20240614 11:13:59.573" endtime="20240614 11:13:59.586"/>
</kw>
<kw name="Get Text" library="Browser">
<arg>xpath=//*[@id="show-modal-provider"]/div[1]/div[3]/div[2]/div/div/div[6]</arg>
<arg>equal</arg>
<arg>Extensão: xlsx</arg>
<tag>Assertion</tag>
<tag>Getter</tag>
<tag>PageContent</tag>
<doc>Returns text attribute of the element found by ``selector``.</doc>
<msg timestamp="20240614 11:13:59.597" level="INFO">Text: 'Extensão: xlsx'</msg>
<status status="PASS" starttime="20240614 11:13:59.586" endtime="20240614 11:13:59.597"/>
</kw>
<status status="PASS" starttime="20240614 11:13:55.911" endtime="20240614 11:13:59.597"/>
</kw>
<kw name="Take Screenshot" library="Browser" type="TEARDOWN">
<tag>PageContent</tag>
<doc>Takes a screenshot of the current window or element and saves it to disk.</doc>
<msg timestamp="20240614 11:13:59.736" level="INFO" html="true">&lt;/td&gt;&lt;/tr&gt;&lt;tr&gt;&lt;td colspan="3"&gt;&lt;a href="browser/screenshot/robotframework-browser-screenshot-16.png" target="_blank"&gt;&lt;img src="browser/screenshot/robotframework-browser-screenshot-16.png" width="800px"/&gt;&lt;/a&gt;</msg>
<status status="PASS" starttime="20240614 11:13:59.598" endtime="20240614 11:13:59.736"/>
</kw>
<tag>layout1_excel</tag>
<status status="PASS" starttime="20240614 11:13:52.948" endtime="20240614 11:13:59.736"/>
</test>
<test id="s1-s5-t3" name="Deve gerar relatório de ativos com layout 2 e txt" line="28">
<kw name="Start Session" library="base" type="SETUP">
<kw name="New Browser" library="Browser">
<arg>browser=chromium</arg>
<arg>headless=False</arg>
<tag>BrowserControl</tag>
<tag>Setter</tag>
<doc>Create a new playwright Browser with specified options.</doc>
<msg timestamp="20240614 11:13:59.805" level="INFO">Switching browser to browser=fd747422-ebf9-471b-8294-b2d995c45eeb</msg>
<msg timestamp="20240614 11:13:59.807" level="INFO">Successfully changed active browser: browser=fd747422-ebf9-471b-8294-b2d995c45eeb</msg>
<msg timestamp="20240614 11:13:59.807" level="INFO">Reusing existing browser with id: browser=fd747422-ebf9-471b-8294-b2d995c45eeb</msg>
<status status="PASS" starttime="20240614 11:13:59.805" endtime="20240614 11:13:59.807"/>
</kw>
<kw name="New Page" library="Browser">
<arg>https://movcad-prot.unimedfesp.dev.br/novo/login</arg>
<tag>BrowserControl</tag>
<tag>Setter</tag>
<doc>Open a new Page.</doc>
<msg timestamp="20240614 11:14:01.888" level="INFO">Successfully initialized new page object and opened url: https://movcad-prot.unimedfesp.dev.br/novo/login</msg>
<msg timestamp="20240614 11:14:01.888" level="INFO">No context was open. New context was automatically opened when this page is created.</msg>
<status status="PASS" starttime="20240614 11:13:59.807" endtime="20240614 11:14:01.888"/>
</kw>
<status status="PASS" starttime="20240614 11:13:59.804" endtime="20240614 11:14:01.889"/>
</kw>
<kw name="Login com sucesso" library="LoginPage">
<kw name="Fill Text" library="Browser">
<arg>css=input[name="usuario"]</arg>
<arg>${email}</arg>
<tag>PageContent</tag>
<tag>Setter</tag>
<doc>Clears and fills the given ``txt`` into the text field found by ``selector``.</doc>
<msg timestamp="20240614 11:14:01.890" level="INFO">Fills the text 'douglas.gragnano@gmail.com' in the given field.</msg>
<status status="PASS" starttime="20240614 11:14:01.889" endtime="20240614 11:14:01.934"/>
</kw>
<kw name="Fill Text" library="Browser">
<arg>css=input[name="senha"]</arg>
<arg>${senha}</arg>
<tag>PageContent</tag>
<tag>Setter</tag>
<doc>Clears and fills the given ``txt`` into the text field found by ``selector``.</doc>
<msg timestamp="20240614 11:14:01.936" level="INFO">Fills the text 'Palmeiras@2026' in the given field.</msg>
<status status="PASS" starttime="20240614 11:14:01.935" endtime="20240614 11:14:01.961"/>
</kw>
<kw name="Click" library="Browser">
<arg>css=button[type="submit"] &gt;&gt; text=conectar</arg>
<tag>PageContent</tag>
<tag>Setter</tag>
<doc>Simulates mouse click on the element found by ``selector``.</doc>
<status status="PASS" starttime="20240614 11:14:01.961" endtime="20240614 11:14:02.035"/>
</kw>
<kw name="Set Browser Timeout" library="Browser">
<arg>20</arg>
<tag>Config</tag>
<tag>Setter</tag>
<doc>Sets the timeout used by most input and getter keywords.</doc>
<msg timestamp="20240614 11:14:02.038" level="INFO">Set timeout to: 20000</msg>
<status status="PASS" starttime="20240614 11:14:02.035" endtime="20240614 11:14:02.038"/>
</kw>
<kw name="Wait For Elements State" library="Browser">
<arg>xpath=//h1[text()="listas de movimentações"]</arg>
<arg>visible</arg>
<arg>10</arg>
<tag>PageContent</tag>
<tag>Wait</tag>
<doc>Waits for the element found by ``selector`` to satisfy state option.</doc>
<msg timestamp="20240614 11:14:03.378" level="INFO">Waited for Element with selector xpath=//h1[text()="listas de movimentações"] at state visible</msg>
<status status="PASS" starttime="20240614 11:14:02.038" endtime="20240614 11:14:03.379"/>
</kw>
<kw name="Get Text" library="Browser">
<arg>xpath=//h1[text()="listas de movimentações"]</arg>
<arg>equal</arg>
<arg>listas de movimentações</arg>
<tag>Assertion</tag>
<tag>Getter</tag>
<tag>PageContent</tag>
<doc>Returns text attribute of the element found by ``selector``.</doc>
<msg timestamp="20240614 11:14:03.400" level="INFO">Text: 'listas de movimentações'</msg>
<status status="PASS" starttime="20240614 11:14:03.379" endtime="20240614 11:14:03.401"/>
</kw>
<status status="PASS" starttime="20240614 11:14:01.889" endtime="20240614 11:14:03.401"/>
</kw>
<kw name="Gerar relatório de ativos com layout 2 e txt" library="RelatorioBeneficiarios">
<kw name="Click" library="Browser">
<arg>xpath=//div[text()="Relatórios"]</arg>
<tag>PageContent</tag>
<tag>Setter</tag>
<doc>Simulates mouse click on the element found by ``selector``.</doc>
<status status="PASS" starttime="20240614 11:14:03.401" endtime="20240614 11:14:03.456"/>
</kw>
<kw name="Click" library="Browser">
<arg>xpath=//a[text()="Relatório Beneficiários"]</arg>
<tag>PageContent</tag>
<tag>Setter</tag>
<doc>Simulates mouse click on the element found by ``selector``.</doc>
<status status="PASS" starttime="20240614 11:14:03.456" endtime="20240614 11:14:03.523"/>
</kw>
<kw name="Get Text" library="Browser">
<arg>xpath=//h1[text()="Solicitação de Relatório de Beneficiários"]</arg>
<arg>equal</arg>
<arg>Solicitação de Relatório de Beneficiários</arg>
<tag>Assertion</tag>
<tag>Getter</tag>
<tag>PageContent</tag>
<doc>Returns text attribute of the element found by ``selector``.</doc>
<msg timestamp="20240614 11:14:03.539" level="INFO">Text: 'Solicitação de Relatório de Beneficiários'</msg>
<status status="PASS" starttime="20240614 11:14:03.523" endtime="20240614 11:14:03.539"/>
</kw>
<kw name="Set Browser Timeout" library="Browser">
<arg>10</arg>
<tag>Config</tag>
<tag>Setter</tag>
<doc>Sets the timeout used by most input and getter keywords.</doc>
<msg timestamp="20240614 11:14:03.542" level="INFO">Set timeout to: 10000</msg>
<status status="PASS" starttime="20240614 11:14:03.540" endtime="20240614 11:14:03.542"/>
</kw>
<kw name="Click" library="Browser">
<arg>css=div[name="modalidade"] &gt;&gt; text=Selecione a modalidade</arg>
<tag>PageContent</tag>
<tag>Setter</tag>
<doc>Simulates mouse click on the element found by ``selector``.</doc>
<status status="PASS" starttime="20240614 11:14:03.542" endtime="20240614 11:14:03.598"/>
</kw>
<kw name="Click" library="Browser">
<arg>xpath=//li[text()="24"]</arg>
<tag>PageContent</tag>
<tag>Setter</tag>
<doc>Simulates mouse click on the element found by ``selector``.</doc>
<status status="PASS" starttime="20240614 11:14:03.599" endtime="20240614 11:14:04.134"/>
</kw>
<kw name="Click" library="Browser">
<arg>css=div[name="termo"] &gt;&gt; text=Selecione o termo</arg>
<tag>PageContent</tag>
<tag>Setter</tag>
<doc>Simulates mouse click on the element found by ``selector``.</doc>
<status status="PASS" starttime="20240614 11:14:04.134" endtime="20240614 11:14:04.181"/>
</kw>
<kw name="Click" library="Browser">
<arg>xpath=//li[text()="250"]</arg>
<tag>PageContent</tag>
<tag>Setter</tag>
<doc>Simulates mouse click on the element found by ``selector``.</doc>
<status status="PASS" starttime="20240614 11:14:04.182" endtime="20240614 11:14:04.715"/>
</kw>
<kw name="Click" library="Browser">
<arg>css=div[name="layout"] &gt;&gt; text=Layout 1</arg>
<tag>PageContent</tag>
<tag>Setter</tag>
<doc>Simulates mouse click on the element found by ``selector``.</doc>
<status status="PASS" starttime="20240614 11:14:04.715" endtime="20240614 11:14:04.765"/>
</kw>
<kw name="Click" library="Browser">
<arg>xpath=//li[text()="Layout 2"]</arg>
<tag>PageContent</tag>
<tag>Setter</tag>
<doc>Simulates mouse click on the element found by ``selector``.</doc>
<status status="PASS" starttime="20240614 11:14:04.766" endtime="20240614 11:14:05.305"/>
</kw>
<kw name="Click" library="Browser">
<arg>css=div[name="extensão"] &gt;&gt; text=xlsx</arg>
<tag>PageContent</tag>
<tag>Setter</tag>
<doc>Simulates mouse click on the element found by ``selector``.</doc>
<status status="PASS" starttime="20240614 11:14:05.305" endtime="20240614 11:14:05.346"/>
</kw>
<kw name="Click" library="Browser">
<arg>xpath=//li[text()="txt"]</arg>
<tag>PageContent</tag>
<tag>Setter</tag>
<doc>Simulates mouse click on the element found by ``selector``.</doc>
<status status="PASS" starttime="20240614 11:14:05.346" endtime="20240614 11:14:05.885"/>
</kw>
<kw name="Click" library="Browser">
<arg>xpath=//button[text()="Gerar Relatório"]</arg>
<tag>PageContent</tag>
<tag>Setter</tag>
<doc>Simulates mouse click on the element found by ``selector``.</doc>
<status status="PASS" starttime="20240614 11:14:05.886" endtime="20240614 11:14:05.955"/>
</kw>
<kw name="Click" library="Browser">
<arg>xpath=//button[text()="sim"]</arg>
<tag>PageContent</tag>
<tag>Setter</tag>
<doc>Simulates mouse click on the element found by ``selector``.</doc>
<status status="PASS" starttime="20240614 11:14:05.955" endtime="20240614 11:14:06.637"/>
</kw>
<kw name="Wait For Elements State" library="Browser">
<arg>xpath=//h1[text()="Relatórios"]</arg>
<arg>visible</arg>
<arg>5</arg>
<tag>PageContent</tag>
<tag>Wait</tag>
<doc>Waits for the element found by ``selector`` to satisfy state option.</doc>
<msg timestamp="20240614 11:14:06.743" level="INFO">Waited for Element with selector xpath=//h1[text()="Relatórios"] at state visible</msg>
<status status="PASS" starttime="20240614 11:14:06.637" endtime="20240614 11:14:06.743"/>
</kw>
<kw name="Click" library="Browser">
<arg>xpath=//*[@id="show-modal-provider"]/div[1]/div/div[2]/div/table/tbody/tr[1]/td[5]/div/div/div[2]/div/button</arg>
<tag>PageContent</tag>
<tag>Setter</tag>
<doc>Simulates mouse click on the element found by ``selector``.</doc>
<status status="PASS" starttime="20240614 11:14:06.744" endtime="20240614 11:14:06.910"/>
</kw>
<kw name="Wait For Elements State" library="Browser">
<arg>xpath=//p[text()="Filtros Aplicados"]</arg>
<arg>visible</arg>
<arg>5</arg>
<tag>PageContent</tag>
<tag>Wait</tag>
<doc>Waits for the element found by ``selector`` to satisfy state option.</doc>
<msg timestamp="20240614 11:14:06.916" level="INFO">Waited for Element with selector xpath=//p[text()="Filtros Aplicados"] at state visible</msg>
<status status="PASS" starttime="20240614 11:14:06.910" endtime="20240614 11:14:06.916"/>
</kw>
<kw name="Get Text" library="Browser">
<arg>xpath=//*[@id="show-modal-provider"]/div[1]/div[3]/div[2]/div/div/div[5]</arg>
<arg>equal</arg>
<arg>Layout: Layout 2</arg>
<tag>Assertion</tag>
<tag>Getter</tag>
<tag>PageContent</tag>
<doc>Returns text attribute of the element found by ``selector``.</doc>
<msg timestamp="20240614 11:14:06.931" level="INFO">Text: 'Layout: Layout 2'</msg>
<status status="PASS" starttime="20240614 11:14:06.917" endtime="20240614 11:14:06.931"/>
</kw>
<kw name="Get Text" library="Browser">
<arg>xpath=//*[@id="show-modal-provider"]/div[1]/div[3]/div[2]/div/div/div[6]</arg>
<arg>equal</arg>
<arg>Extensão: txt</arg>
<tag>Assertion</tag>
<tag>Getter</tag>
<tag>PageContent</tag>
<doc>Returns text attribute of the element found by ``selector``.</doc>
<msg timestamp="20240614 11:14:06.944" level="INFO">Text: 'Extensão: txt'</msg>
<status status="PASS" starttime="20240614 11:14:06.932" endtime="20240614 11:14:06.944"/>
</kw>
<status status="PASS" starttime="20240614 11:14:03.401" endtime="20240614 11:14:06.944"/>
</kw>
<kw name="Take Screenshot" library="Browser" type="TEARDOWN">
<tag>PageContent</tag>
<doc>Takes a screenshot of the current window or element and saves it to disk.</doc>
<msg timestamp="20240614 11:14:07.091" level="INFO" html="true">&lt;/td&gt;&lt;/tr&gt;&lt;tr&gt;&lt;td colspan="3"&gt;&lt;a href="browser/screenshot/robotframework-browser-screenshot-17.png" target="_blank"&gt;&lt;img src="browser/screenshot/robotframework-browser-screenshot-17.png" width="800px"/&gt;&lt;/a&gt;</msg>
<status status="PASS" starttime="20240614 11:14:06.946" endtime="20240614 11:14:07.091"/>
</kw>
<tag>layout2_txt</tag>
<status status="PASS" starttime="20240614 11:13:59.801" endtime="20240614 11:14:07.091"/>
</test>
<doc>Cenários de teste do relatório de beneficiários</doc>
<status status="PASS" starttime="20240614 11:13:49.629" endtime="20240614 11:14:07.157"/>
</suite>
<status status="PASS" starttime="20240614 11:12:40.259" endtime="20240614 11:14:07.162"/>
</suite>
<statistics>
<total>
<stat pass="17" fail="0" skip="0">All Tests</stat>
</total>
<tag>
<stat pass="1" fail="0" skip="0">detalhado</stat>
<stat pass="1" fail="0" skip="0">email_nok</stat>
<stat pass="1" fail="0" skip="0">email_senha_vazio</stat>
<stat pass="1" fail="0" skip="0">inv_email</stat>
<stat pass="1" fail="0" skip="0">layout1_excel</stat>
<stat pass="1" fail="0" skip="0">layout2_txt</stat>
<stat pass="1" fail="0" skip="0">lista_csv</stat>
<stat pass="1" fail="0" skip="0">lista_txt</stat>
<stat pass="1" fail="0" skip="0">login_ok</stat>
<stat pass="1" fail="0" skip="0">No_csv</stat>
<stat pass="1" fail="0" skip="0">No_txt</stat>
<stat pass="1" fail="0" skip="0">online</stat>
<stat pass="1" fail="0" skip="0">relatorio_nok</stat>
<stat pass="1" fail="0" skip="0">rel_benef</stat>
<stat pass="1" fail="0" skip="0">resumido</stat>
<stat pass="1" fail="0" skip="0">senha_nok</stat>
<stat pass="1" fail="0" skip="0">todas_listas</stat>
</tag>
<suite>
<stat pass="17" fail="0" skip="0" id="s1" name="Tests">Tests</stat>
<stat pass="1" fail="0" skip="0" id="s1-s1" name="1.0 Online">Tests.1.0 Online</stat>
<stat pass="5" fail="0" skip="0" id="s1-s2" name="2.0 Login">Tests.2.0 Login</stat>
<stat pass="4" fail="0" skip="0" id="s1-s3" name="3.0 Listas">Tests.3.0 Listas</stat>
<stat pass="4" fail="0" skip="0" id="s1-s4" name="4.0 Listas Lote">Tests.4.0 Listas Lote</stat>
<stat pass="3" fail="0" skip="0" id="s1-s5" name="5.0 Relatorio Beneficiarios">Tests.5.0 Relatorio Beneficiarios</stat>
</suite>
</statistics>
<errors>
</errors>
</robot>
